
====== START ORIO ======

----- begin reading the source file: vecWXPY.c -----
----- finished reading the source file -----

----- begin parsing annotations -----
----- finished parsing annotations -----

----- begin optimizations -----
Search_Space         = 6.000e+00
Number_of_Parameters = 02
Numeric_Parameters   = 02
Binary_Parameters    = 00
['PR', 'CFLAGS']
[['', 'vector aligned', 'vector unaligned'], ['', '-mavx']]

----- begin empirical tuning for problem size -----
 N = 1000000

----- begin exhaustive search -----
 compiling timer:
	gcc -lrt -O3  -O0 -c -o timer_cpu.o timer_cpu.c
 building the original code:
	gcc -lrt -O3   -DORIO_REPS=5 -DORIGINAL -o __orio_perftest_original.exe __orio_perftest1.c timer_cpu.o 
 building test:
	gcc -lrt -O3   -DORIO_REPS=5 -o __orio_perftest.exe __orio_perftest1.c timer_cpu.o 
 running test:
	 ./__orio_perftest.exe
coordinate: [0, 0], average cost: 0.00568378, all costs: [0.00562382, 0.00569121, 0.00566902, 0.00570812, 0.00566677], average transfer time: inf
>>>> best coordinate found: [0, 0], average cost: 5.683780e-03, average transfer time: inf
 building test:
	gcc -lrt -O3   -DORIO_REPS=5 -o __orio_perftest.exe __orio_perftest2.c timer_cpu.o 
 running test:
	 ./__orio_perftest.exe
coordinate: [1, 0], average cost: 0.0056585375, all costs: [0.00560922, 0.0056528, 0.00567568, 0.00563577, 0.0056699], average transfer time: inf
>>>> best coordinate found: [1, 0], average cost: 5.658537e-03, average transfer time: inf
 building test:
	gcc -lrt -O3   -DORIO_REPS=5 -o __orio_perftest.exe __orio_perftest3.c timer_cpu.o 
 running test:
	 ./__orio_perftest.exe
coordinate: [2, 0], average cost: 0.005692205, all costs: [0.00562514, 0.00566836, 0.00570713, 0.00568172, 0.00571161], average transfer time: inf
 building test:
	gcc -lrt -O3 -mavx  -DORIO_REPS=5 -o __orio_perftest.exe __orio_perftest4.c timer_cpu.o 
 running test:
	 ./__orio_perftest.exe
coordinate: [0, 1], average cost: 0.0053161025, all costs: [0.00529832, 0.00531708, 0.00530611, 0.00534257, 0.00529865], average transfer time: inf
>>>> best coordinate found: [0, 1], average cost: 5.316103e-03, average transfer time: inf
 building test:
	gcc -lrt -O3 -mavx  -DORIO_REPS=5 -o __orio_perftest.exe __orio_perftest5.c timer_cpu.o 
 running test:
	 ./__orio_perftest.exe
coordinate: [1, 1], average cost: 0.0052862475, all costs: [0.00525417, 0.00528061, 0.00527493, 0.0053118, 0.00527765], average transfer time: inf
>>>> best coordinate found: [1, 1], average cost: 5.286248e-03, average transfer time: inf
 building test:
	gcc -lrt -O3 -mavx  -DORIO_REPS=5 -o __orio_perftest.exe __orio_perftest6.c timer_cpu.o 
 running test:
	 ./__orio_perftest.exe
coordinate: [2, 1], average cost: 0.0053184175, all costs: [0.00527269, 0.00533339, 0.00530066, 0.00530832, 0.0053313], average transfer time: inf
----- end exhaustive search -----
----- begin summary -----
 best coordinate: [1, 1]={'PR': 'vector aligned', 'CFLAGS': '-mavx'}, cost=5.286248e-03, transfer_time=inf, inputs=[('N', 1000000)], search_time=27.19, runs=0
----- end summary -----
----- the obtained best performance parameters -----
 CFLAGS = -mavx
 PR = vector aligned

----- begin empirical tuning for problem size -----
 N = 10000000

----- begin exhaustive search -----
 building test:
	gcc -lrt -O3   -DORIO_REPS=5 -o __orio_perftest.exe __orio_perftest7.c timer_cpu.o 
 running test:
	 ./__orio_perftest.exe
coordinate: [0, 0], average cost: 0.056513, all costs: [0.0565475, 0.0565442, 0.0565036, 0.0564837, 0.0565205], average transfer time: inf
>>>> best coordinate found: [0, 0], average cost: 5.651300e-02, average transfer time: inf
 building test:
	gcc -lrt -O3   -DORIO_REPS=5 -o __orio_perftest.exe __orio_perftest8.c timer_cpu.o 
 running test:
	 ./__orio_perftest.exe
coordinate: [1, 0], average cost: 0.05669015, all costs: [0.056741, 0.0566791, 0.0566833, 0.0567043, 0.0566939], average transfer time: inf
 building test:
	gcc -lrt -O3   -DORIO_REPS=5 -o __orio_perftest.exe __orio_perftest9.c timer_cpu.o 
 running test:
	 ./__orio_perftest.exe
coordinate: [2, 0], average cost: 0.056696425, all costs: [0.0566696, 0.056673, 0.0566791, 0.0567237, 0.0567099], average transfer time: inf
 building test:
	gcc -lrt -O3 -mavx  -DORIO_REPS=5 -o __orio_perftest.exe __orio_perftest10.c timer_cpu.o 
 running test:
	 ./__orio_perftest.exe
coordinate: [0, 1], average cost: 0.052351075, all costs: [0.0523524, 0.0523775, 0.0523511, 0.0523062, 0.0523695], average transfer time: inf
>>>> best coordinate found: [0, 1], average cost: 5.235107e-02, average transfer time: inf
 building test:
	gcc -lrt -O3 -mavx  -DORIO_REPS=5 -o __orio_perftest.exe __orio_perftest11.c timer_cpu.o 
 running test:
	 ./__orio_perftest.exe
coordinate: [1, 1], average cost: 0.05232525, all costs: [0.052315, 0.0523304, 0.0523041, 0.0523444, 0.0523221], average transfer time: inf
>>>> best coordinate found: [1, 1], average cost: 5.232525e-02, average transfer time: inf
 building test:
	gcc -lrt -O3 -mavx  -DORIO_REPS=5 -o __orio_perftest.exe __orio_perftest12.c timer_cpu.o 
 running test:
	 ./__orio_perftest.exe
coordinate: [2, 1], average cost: 0.05248045, all costs: [0.0524889, 0.0525051, 0.0524788, 0.0524867, 0.0524512], average transfer time: inf
----- end exhaustive search -----
----- begin summary -----
 best coordinate: [1, 1]={'PR': 'vector aligned', 'CFLAGS': '-mavx'}, cost=5.232525e-02, transfer_time=inf, inputs=[('N', 10000000)], search_time=31.18, runs=0
----- end summary -----
----- the obtained best performance parameters -----
 CFLAGS = -mavx
 PR = vector aligned

----- begin empirical tuning for problem size -----
 N = 100000000

----- begin exhaustive search -----
 building test:
	gcc -lrt -O3   -DORIO_REPS=5 -o __orio_perftest.exe __orio_perftest13.c timer_cpu.o 
 running test:
	 ./__orio_perftest.exe
coordinate: [0, 0], average cost: 0.55310525, all costs: [0.553223, 0.553163, 0.553146, 0.553072, 0.55304], average transfer time: inf
>>>> best coordinate found: [0, 0], average cost: 5.531052e-01, average transfer time: inf
 building test:
	gcc -lrt -O3   -DORIO_REPS=5 -o __orio_perftest.exe __orio_perftest14.c timer_cpu.o 
 running test:
	 ./__orio_perftest.exe
coordinate: [1, 0], average cost: 0.55191725, all costs: [0.552296, 0.551975, 0.551924, 0.551913, 0.551857], average transfer time: inf
>>>> best coordinate found: [1, 0], average cost: 5.519173e-01, average transfer time: inf
 building test:
	gcc -lrt -O3   -DORIO_REPS=5 -o __orio_perftest.exe __orio_perftest15.c timer_cpu.o 
 running test:
	 ./__orio_perftest.exe
coordinate: [2, 0], average cost: 0.550221, all costs: [0.550364, 0.55024, 0.550178, 0.550184, 0.550282], average transfer time: inf
>>>> best coordinate found: [2, 0], average cost: 5.502210e-01, average transfer time: inf
 building test:
	gcc -lrt -O3 -mavx  -DORIO_REPS=5 -o __orio_perftest.exe __orio_perftest16.c timer_cpu.o 
 running test:
	 ./__orio_perftest.exe
coordinate: [0, 1], average cost: 0.5150545, all costs: [0.515294, 0.515144, 0.515051, 0.515037, 0.514986], average transfer time: inf
>>>> best coordinate found: [0, 1], average cost: 5.150545e-01, average transfer time: inf
 building test:
	gcc -lrt -O3 -mavx  -DORIO_REPS=5 -o __orio_perftest.exe __orio_perftest17.c timer_cpu.o 
 running test:
	 ./__orio_perftest.exe
coordinate: [1, 1], average cost: 0.51473875, all costs: [0.514846, 0.514698, 0.514735, 0.514718, 0.514804], average transfer time: inf
>>>> best coordinate found: [1, 1], average cost: 5.147388e-01, average transfer time: inf
 building test:
	gcc -lrt -O3 -mavx  -DORIO_REPS=5 -o __orio_perftest.exe __orio_perftest18.c timer_cpu.o 
 running test:
	 ./__orio_perftest.exe
coordinate: [2, 1], average cost: 0.51444425, all costs: [0.514623, 0.514446, 0.514487, 0.514358, 0.514486], average transfer time: inf
>>>> best coordinate found: [2, 1], average cost: 5.144442e-01, average transfer time: inf
----- end exhaustive search -----
----- begin summary -----
 best coordinate: [2, 1]={'PR': 'vector unaligned', 'CFLAGS': '-mavx'}, cost=5.144442e-01, transfer_time=inf, inputs=[('N', 100000000)], search_time=72.83, runs=0
----- end summary -----
----- the obtained best performance parameters -----
 CFLAGS = -mavx
 PR = vector unaligned

----- begin empirical tuning for problem size -----
 N = 1000000000

----- begin exhaustive search -----
 building test:
	gcc -lrt -O3   -DORIO_REPS=5 -o __orio_perftest.exe __orio_perftest19.c timer_cpu.o 
 running test:
	 ./__orio_perftest.exe
coordinate: [0, 0], average cost: 7.0043975, all costs: [7.00333, 7.00363, 7.00493, 7.00364, 7.00539], average transfer time: inf
>>>> best coordinate found: [0, 0], average cost: 7.004397e+00, average transfer time: inf
 building test:
	gcc -lrt -O3   -DORIO_REPS=5 -o __orio_perftest.exe __orio_perftest20.c timer_cpu.o 
 running test:
	 ./__orio_perftest.exe
coordinate: [1, 0], average cost: 6.9928125, all costs: [6.99256, 6.99301, 6.99284, 6.99257, 6.99283], average transfer time: inf
>>>> best coordinate found: [1, 0], average cost: 6.992812e+00, average transfer time: inf
 building test:
	gcc -lrt -O3   -DORIO_REPS=5 -o __orio_perftest.exe __orio_perftest21.c timer_cpu.o 
 running test:
	 ./__orio_perftest.exe
coordinate: [2, 0], average cost: 6.9778925, all costs: [6.97779, 6.978, 6.97798, 6.9781, 6.97749], average transfer time: inf
>>>> best coordinate found: [2, 0], average cost: 6.977893e+00, average transfer time: inf
 building test:
	gcc -lrt -O3 -mavx  -DORIO_REPS=5 -o __orio_perftest.exe __orio_perftest22.c timer_cpu.o 
 running test:
	 ./__orio_perftest.exe
coordinate: [0, 1], average cost: 6.6994925, all costs: [6.69907, 6.69949, 6.69928, 6.69947, 6.69973], average transfer time: inf
>>>> best coordinate found: [0, 1], average cost: 6.699492e+00, average transfer time: inf
 building test:
	gcc -lrt -O3 -mavx  -DORIO_REPS=5 -o __orio_perftest.exe __orio_perftest23.c timer_cpu.o 
 running test:
	 ./__orio_perftest.exe
coordinate: [1, 1], average cost: 6.6983725, all costs: [6.69832, 6.6977, 6.69775, 6.69927, 6.69877], average transfer time: inf
>>>> best coordinate found: [1, 1], average cost: 6.698373e+00, average transfer time: inf
 building test:
	gcc -lrt -O3 -mavx  -DORIO_REPS=5 -o __orio_perftest.exe __orio_perftest24.c timer_cpu.o 
 running test:
	 ./__orio_perftest.exe
coordinate: [2, 1], average cost: 6.70071, all costs: [6.70313, 6.70255, 6.70044, 6.69999, 6.69986], average transfer time: inf
----- end exhaustive search -----
----- begin summary -----
 best coordinate: [1, 1]={'PR': 'vector aligned', 'CFLAGS': '-mavx'}, cost=6.698373e+00, transfer_time=inf, inputs=[('N', 1000000000)], search_time=551.98, runs=0
----- end summary -----
----- the obtained best performance parameters -----
 CFLAGS = -mavx
 PR = vector aligned
----- finish optimizations -----

----- begin writing the output file(s) -----
--> writing output to: _vecWXPY.c
----- finished writing the output file(s) -----

====== END ORIO ======
