
====== START ORIO ======

----- begin reading the source file: ComputeDMicroscopicCrossSection.c -----
----- finished reading the source file -----

----- begin parsing annotations -----
----- finished parsing annotations -----

----- begin optimizations -----
Search_Space         = 6.400e+01
Number_of_Parameters = 02
Numeric_Parameters   = 02
Binary_Parameters    = 00
['PR', 'CFLAGS']
[['', 'novector', 'vector aligned', 'vector always', 'vector nontemporal', 'vector nontemporal (xgi,wgi)', 'vector temporal', 'vector unaligned'], ['  ', '  -restrict', ' -xhost ', ' -xhost -restrict', '-no-vec  ', '-no-vec  -restrict', '-no-vec -xhost ', '-no-vec -xhost -restrict']]

----- begin empirical tuning for problem size -----
 N = 100000000

----- begin exhaustive search -----
 compiling timer:
	icc -lrt -O2    -O0 -c -o timer_cpu.o timer_cpu.c
 building the original code:
	icc -lrt -O2     -DORIO_REPS=5 -DORIGINAL -o __orio_perftest_original.exe __orio_perftest1.c timer_cpu.o 
 building test:
	icc -lrt -O2     -DORIO_REPS=5 -o __orio_perftest.exe __orio_perftest1.c timer_cpu.o 
 running test:
	 ./__orio_perftest.exe
coordinate: [0, 0], average cost: 4.76e-07, all costs: [1.189e-06, 5.15e-07, 4.61e-07, 4.61e-07, 4.67e-07], average transfer time: inf
>>>> best coordinate found: [0, 0], average cost: 4.760000e-07, average transfer time: inf
 building test:
	icc -lrt -O2     -DORIO_REPS=5 -o __orio_perftest.exe __orio_perftest2.c timer_cpu.o 
 running test:
	 ./__orio_perftest.exe
coordinate: [1, 0], average cost: 4.745e-07, all costs: [1.111e-06, 5.05e-07, 4.7e-07, 4.62e-07, 4.61e-07], average transfer time: inf
>>>> best coordinate found: [1, 0], average cost: 4.745000e-07, average transfer time: inf
 building test:
	icc -lrt -O2     -DORIO_REPS=5 -o __orio_perftest.exe __orio_perftest3.c timer_cpu.o 
 running test:
	 ./__orio_perftest.exe
coordinate: [2, 0], average cost: 5.28e-07, all costs: [9.44e-07, 5.88e-07, 5e-07, 5.13e-07, 5.11e-07], average transfer time: inf
 building test:
	icc -lrt -O2     -DORIO_REPS=5 -o __orio_perftest.exe __orio_perftest4.c timer_cpu.o 
 running test:
	 ./__orio_perftest.exe
coordinate: [3, 0], average cost: 4.61e-07, all costs: [8.77e-07, 4.76e-07, 4.51e-07, 4.6e-07, 4.57e-07], average transfer time: inf
>>>> best coordinate found: [3, 0], average cost: 4.610000e-07, average transfer time: inf
 building test:
	icc -lrt -O2     -DORIO_REPS=5 -o __orio_perftest.exe __orio_perftest5.c timer_cpu.o 
 running test:
	 ./__orio_perftest.exe
coordinate: [4, 0], average cost: 4.7325e-07, all costs: [9.46e-07, 5e-07, 4.63e-07, 4.63e-07, 4.67e-07], average transfer time: inf
 building test:
	icc -lrt -O2     -DORIO_REPS=5 -o __orio_perftest.exe __orio_perftest6.c timer_cpu.o 
 running test:
	 ./__orio_perftest.exe
coordinate: [5, 0], average cost: 4.7375e-07, all costs: [1.087e-06, 4.99e-07, 4.76e-07, 4.61e-07, 4.59e-07], average transfer time: inf
 building test:
	icc -lrt -O2     -DORIO_REPS=5 -o __orio_perftest.exe __orio_perftest7.c timer_cpu.o 
 running test:
	 ./__orio_perftest.exe
coordinate: [6, 0], average cost: 4.7225e-07, all costs: [9.15e-07, 4.97e-07, 4.63e-07, 4.65e-07, 4.64e-07], average transfer time: inf
 building test:
	icc -lrt -O2     -DORIO_REPS=5 -o __orio_perftest.exe __orio_perftest8.c timer_cpu.o 
 running test:
	 ./__orio_perftest.exe
coordinate: [7, 0], average cost: 4.75e-07, all costs: [1.019e-06, 5.13e-07, 4.66e-07, 4.62e-07, 4.59e-07], average transfer time: inf
 building test:
	icc -lrt -O2   -restrict  -DORIO_REPS=5 -o __orio_perftest.exe __orio_perftest9.c timer_cpu.o 
 running test:
	 ./__orio_perftest.exe
coordinate: [0, 1], average cost: 6.235e-07, all costs: [1.139e-06, 1.109e-06, 4.61e-07, 4.62e-07, 4.62e-07], average transfer time: inf
 building test:
	icc -lrt -O2   -restrict  -DORIO_REPS=5 -o __orio_perftest.exe __orio_perftest10.c timer_cpu.o 
 running test:
	 ./__orio_perftest.exe
coordinate: [1, 1], average cost: 4.86e-07, all costs: [8.08e-07, 5.29e-07, 4.77e-07, 4.74e-07, 4.64e-07], average transfer time: inf
 building test:
	icc -lrt -O2   -restrict  -DORIO_REPS=5 -o __orio_perftest.exe __orio_perftest11.c timer_cpu.o 
 running test:
	 ./__orio_perftest.exe
coordinate: [2, 1], average cost: 4.91e-07, all costs: [9.55e-07, 5.53e-07, 4.65e-07, 4.73e-07, 4.73e-07], average transfer time: inf
 building test:
	icc -lrt -O2   -restrict  -DORIO_REPS=5 -o __orio_perftest.exe __orio_perftest12.c timer_cpu.o 
 running test:
	 ./__orio_perftest.exe
coordinate: [3, 1], average cost: 4.725e-07, all costs: [8.07e-07, 5.17e-07, 4.62e-07, 4.56e-07, 4.55e-07], average transfer time: inf
 building test:
	icc -lrt -O2   -restrict  -DORIO_REPS=5 -o __orio_perftest.exe __orio_perftest13.c timer_cpu.o 
 running test:
	 ./__orio_perftest.exe
coordinate: [4, 1], average cost: 4.65e-07, all costs: [8.72e-07, 4.83e-07, 4.56e-07, 4.59e-07, 4.62e-07], average transfer time: inf
 building test:
	icc -lrt -O2   -restrict  -DORIO_REPS=5 -o __orio_perftest.exe __orio_perftest14.c timer_cpu.o 
 running test:
	 ./__orio_perftest.exe
coordinate: [5, 1], average cost: 4.8125e-07, all costs: [8.86e-07, 5.37e-07, 4.64e-07, 4.62e-07, 4.62e-07], average transfer time: inf
 building test:
	icc -lrt -O2   -restrict  -DORIO_REPS=5 -o __orio_perftest.exe __orio_perftest15.c timer_cpu.o 
 running test:
	 ./__orio_perftest.exe
coordinate: [6, 1], average cost: 4.83e-07, all costs: [7.7e-07, 5.22e-07, 4.66e-07, 4.71e-07, 4.73e-07], average transfer time: inf
 building test:
	icc -lrt -O2   -restrict  -DORIO_REPS=5 -o __orio_perftest.exe __orio_perftest16.c timer_cpu.o 
 running test:
	 ./__orio_perftest.exe
coordinate: [7, 1], average cost: 6.4225e-07, all costs: [7.95e-07, 5.22e-07, 5.72e-07, 7.47e-07, 7.28e-07], average transfer time: inf
 building test:
	icc -lrt -O2  -xhost   -DORIO_REPS=5 -o __orio_perftest.exe __orio_perftest17.c timer_cpu.o 
 running test:
	 ./__orio_perftest.exe
coordinate: [0, 2], average cost: 4.7475e-07, all costs: [9.11e-07, 5.11e-07, 4.58e-07, 4.64e-07, 4.66e-07], average transfer time: inf
 building test:
	icc -lrt -O2  -xhost   -DORIO_REPS=5 -o __orio_perftest.exe __orio_perftest18.c timer_cpu.o 
 running test:
	 ./__orio_perftest.exe
coordinate: [1, 2], average cost: 4.7475e-07, all costs: [7.83e-07, 5.02e-07, 4.69e-07, 4.66e-07, 4.62e-07], average transfer time: inf
 building test:
	icc -lrt -O2  -xhost   -DORIO_REPS=5 -o __orio_perftest.exe __orio_perftest19.c timer_cpu.o 
 running test:
	 ./__orio_perftest.exe
coordinate: [2, 2], average cost: 4.66e-07, all costs: [9.14e-07, 4.84e-07, 4.55e-07, 4.64e-07, 4.61e-07], average transfer time: inf
 building test:
	icc -lrt -O2  -xhost   -DORIO_REPS=5 -o __orio_perftest.exe __orio_perftest20.c timer_cpu.o 
 running test:
	 ./__orio_perftest.exe
coordinate: [3, 2], average cost: 4.715e-07, all costs: [7.58e-07, 5.02e-07, 4.58e-07, 4.63e-07, 4.63e-07], average transfer time: inf
 building test:
	icc -lrt -O2  -xhost   -DORIO_REPS=5 -o __orio_perftest.exe __orio_perftest21.c timer_cpu.o 
 running test:
	 ./__orio_perftest.exe
coordinate: [4, 2], average cost: 4.735e-07, all costs: [7.81e-07, 5.07e-07, 4.67e-07, 4.58e-07, 4.62e-07], average transfer time: inf
 building test:
	icc -lrt -O2  -xhost   -DORIO_REPS=5 -o __orio_perftest.exe __orio_perftest22.c timer_cpu.o 
 running test:
	 ./__orio_perftest.exe
coordinate: [5, 2], average cost: 4.73e-07, all costs: [1.096e-06, 5.01e-07, 4.64e-07, 4.64e-07, 4.63e-07], average transfer time: inf
 building test:
	icc -lrt -O2  -xhost   -DORIO_REPS=5 -o __orio_perftest.exe __orio_perftest23.c timer_cpu.o 
 running test:
	 ./__orio_perftest.exe
coordinate: [6, 2], average cost: 5.19e-07, all costs: [9.59e-07, 6.94e-07, 4.61e-07, 4.62e-07, 4.59e-07], average transfer time: inf
 building test:
	icc -lrt -O2  -xhost   -DORIO_REPS=5 -o __orio_perftest.exe __orio_perftest24.c timer_cpu.o 
 running test:
	 ./__orio_perftest.exe
coordinate: [7, 2], average cost: 4.7775e-07, all costs: [7.76e-07, 5.01e-07, 4.77e-07, 4.67e-07, 4.66e-07], average transfer time: inf
 building test:
	icc -lrt -O2  -xhost -restrict  -DORIO_REPS=5 -o __orio_perftest.exe __orio_perftest25.c timer_cpu.o 
 running test:
	 ./__orio_perftest.exe
coordinate: [0, 3], average cost: 4.88e-07, all costs: [9.35e-07, 4.91e-07, 4.92e-07, 4.7e-07, 4.99e-07], average transfer time: inf
 building test:
	icc -lrt -O2  -xhost -restrict  -DORIO_REPS=5 -o __orio_perftest.exe __orio_perftest26.c timer_cpu.o 
 running test:
	 ./__orio_perftest.exe
coordinate: [1, 3], average cost: 4.7775e-07, all costs: [8.78e-07, 5.22e-07, 4.63e-07, 4.63e-07, 4.63e-07], average transfer time: inf
 building test:
	icc -lrt -O2  -xhost -restrict  -DORIO_REPS=5 -o __orio_perftest.exe __orio_perftest27.c timer_cpu.o 
 running test:
	 ./__orio_perftest.exe
coordinate: [2, 3], average cost: 4.765e-07, all costs: [1.016e-06, 5.13e-07, 4.61e-07, 4.66e-07, 4.66e-07], average transfer time: inf
 building test:
	icc -lrt -O2  -xhost -restrict  -DORIO_REPS=5 -o __orio_perftest.exe __orio_perftest28.c timer_cpu.o 
 running test:
	 ./__orio_perftest.exe
coordinate: [3, 3], average cost: 4.7975e-07, all costs: [1.094e-06, 5.24e-07, 4.64e-07, 4.7e-07, 4.61e-07], average transfer time: inf
 building test:
	icc -lrt -O2  -xhost -restrict  -DORIO_REPS=5 -o __orio_perftest.exe __orio_perftest29.c timer_cpu.o 
 running test:
	 ./__orio_perftest.exe
coordinate: [4, 3], average cost: 4.925e-07, all costs: [8.98e-07, 5.3e-07, 4.65e-07, 5.06e-07, 4.69e-07], average transfer time: inf
 building test:
	icc -lrt -O2  -xhost -restrict  -DORIO_REPS=5 -o __orio_perftest.exe __orio_perftest30.c timer_cpu.o 
 running test:
	 ./__orio_perftest.exe
coordinate: [5, 3], average cost: 4.7975e-07, all costs: [7.71e-07, 5.33e-07, 4.64e-07, 4.61e-07, 4.61e-07], average transfer time: inf
 building test:
	icc -lrt -O2  -xhost -restrict  -DORIO_REPS=5 -o __orio_perftest.exe __orio_perftest31.c timer_cpu.o 
 running test:
	 ./__orio_perftest.exe
coordinate: [6, 3], average cost: 4.815e-07, all costs: [9.31e-07, 5.2e-07, 4.7e-07, 4.67e-07, 4.69e-07], average transfer time: inf
 building test:
	icc -lrt -O2  -xhost -restrict  -DORIO_REPS=5 -o __orio_perftest.exe __orio_perftest32.c timer_cpu.o 
 running test:
	 ./__orio_perftest.exe
coordinate: [7, 3], average cost: 4.75e-07, all costs: [9.17e-07, 5.1e-07, 4.63e-07, 4.65e-07, 4.62e-07], average transfer time: inf
 building test:
	icc -lrt -O2 -no-vec    -DORIO_REPS=5 -o __orio_perftest.exe __orio_perftest33.c timer_cpu.o 
 running test:
	 ./__orio_perftest.exe
coordinate: [0, 4], average cost: 4.6975e-07, all costs: [2.161e-06, 5.09e-07, 4.57e-07, 4.53e-07, 4.6e-07], average transfer time: inf
 building test:
	icc -lrt -O2 -no-vec    -DORIO_REPS=5 -o __orio_perftest.exe __orio_perftest34.c timer_cpu.o 
 running test:
	 ./__orio_perftest.exe
coordinate: [1, 4], average cost: 4.7525e-07, all costs: [7.82e-07, 5.13e-07, 4.62e-07, 4.64e-07, 4.62e-07], average transfer time: inf
 building test:
	icc -lrt -O2 -no-vec    -DORIO_REPS=5 -o __orio_perftest.exe __orio_perftest35.c timer_cpu.o 
 running test:
	 ./__orio_perftest.exe
coordinate: [2, 4], average cost: 4.6875e-07, all costs: [8.89e-07, 4.95e-07, 4.55e-07, 4.61e-07, 4.64e-07], average transfer time: inf
 building test:
	icc -lrt -O2 -no-vec    -DORIO_REPS=5 -o __orio_perftest.exe __orio_perftest36.c timer_cpu.o 
 running test:
	 ./__orio_perftest.exe
coordinate: [3, 4], average cost: 4.7525e-07, all costs: [1.112e-06, 5.09e-07, 4.65e-07, 4.65e-07, 4.62e-07], average transfer time: inf
 building test:
	icc -lrt -O2 -no-vec    -DORIO_REPS=5 -o __orio_perftest.exe __orio_perftest37.c timer_cpu.o 
 running test:
	 ./__orio_perftest.exe
coordinate: [4, 4], average cost: 4.75e-07, all costs: [9.15e-07, 5.15e-07, 4.65e-07, 4.59e-07, 4.61e-07], average transfer time: inf
 building test:
	icc -lrt -O2 -no-vec    -DORIO_REPS=5 -o __orio_perftest.exe __orio_perftest38.c timer_cpu.o 
 running test:
	 ./__orio_perftest.exe
coordinate: [5, 4], average cost: 4.725e-07, all costs: [9.49e-07, 4.95e-07, 4.6e-07, 4.67e-07, 4.68e-07], average transfer time: inf
 building test:
	icc -lrt -O2 -no-vec    -DORIO_REPS=5 -o __orio_perftest.exe __orio_perftest39.c timer_cpu.o 
 running test:
	 ./__orio_perftest.exe
coordinate: [6, 4], average cost: 5.1575e-07, all costs: [9.49e-07, 6.69e-07, 4.66e-07, 4.64e-07, 4.64e-07], average transfer time: inf
 building test:
	icc -lrt -O2 -no-vec    -DORIO_REPS=5 -o __orio_perftest.exe __orio_perftest40.c timer_cpu.o 
 running test:
	 ./__orio_perftest.exe
coordinate: [7, 4], average cost: 4.7275e-07, all costs: [8.82e-07, 5.11e-07, 4.56e-07, 4.62e-07, 4.62e-07], average transfer time: inf
 building test:
	icc -lrt -O2 -no-vec  -restrict  -DORIO_REPS=5 -o __orio_perftest.exe __orio_perftest41.c timer_cpu.o 
 running test:
	 ./__orio_perftest.exe
coordinate: [0, 5], average cost: 4.73e-07, all costs: [9.19e-07, 5.15e-07, 4.61e-07, 4.58e-07, 4.58e-07], average transfer time: inf
 building test:
	icc -lrt -O2 -no-vec  -restrict  -DORIO_REPS=5 -o __orio_perftest.exe __orio_perftest42.c timer_cpu.o 
 running test:
	 ./__orio_perftest.exe
coordinate: [1, 5], average cost: 4.745e-07, all costs: [9e-07, 4.93e-07, 4.65e-07, 4.7e-07, 4.7e-07], average transfer time: inf
 building test:
	icc -lrt -O2 -no-vec  -restrict  -DORIO_REPS=5 -o __orio_perftest.exe __orio_perftest43.c timer_cpu.o 
 running test:
	 ./__orio_perftest.exe
coordinate: [2, 5], average cost: 4.8025e-07, all costs: [8.8e-07, 5.53e-07, 4.56e-07, 4.57e-07, 4.55e-07], average transfer time: inf
 building test:
	icc -lrt -O2 -no-vec  -restrict  -DORIO_REPS=5 -o __orio_perftest.exe __orio_perftest44.c timer_cpu.o 
 running test:
	 ./__orio_perftest.exe
coordinate: [3, 5], average cost: 4.7e-07, all costs: [9.54e-07, 4.94e-07, 4.66e-07, 4.6e-07, 4.6e-07], average transfer time: inf
 building test:
	icc -lrt -O2 -no-vec  -restrict  -DORIO_REPS=5 -o __orio_perftest.exe __orio_perftest45.c timer_cpu.o 
 running test:
	 ./__orio_perftest.exe
coordinate: [4, 5], average cost: 4.7175e-07, all costs: [9.84e-07, 4.97e-07, 4.64e-07, 4.63e-07, 4.63e-07], average transfer time: inf
 building test:
	icc -lrt -O2 -no-vec  -restrict  -DORIO_REPS=5 -o __orio_perftest.exe __orio_perftest46.c timer_cpu.o 
 running test:
	 ./__orio_perftest.exe
coordinate: [5, 5], average cost: 4.77e-07, all costs: [9.74e-07, 5.24e-07, 4.61e-07, 4.63e-07, 4.6e-07], average transfer time: inf
 building test:
	icc -lrt -O2 -no-vec  -restrict  -DORIO_REPS=5 -o __orio_perftest.exe __orio_perftest47.c timer_cpu.o 
 running test:
	 ./__orio_perftest.exe
coordinate: [6, 5], average cost: 4.725e-07, all costs: [2.236e-06, 4.96e-07, 4.65e-07, 4.63e-07, 4.66e-07], average transfer time: inf
 building test:
	icc -lrt -O2 -no-vec  -restrict  -DORIO_REPS=5 -o __orio_perftest.exe __orio_perftest48.c timer_cpu.o 
 running test:
	 ./__orio_perftest.exe
coordinate: [7, 5], average cost: 4.825e-07, all costs: [9.27e-07, 5.38e-07, 4.64e-07, 4.64e-07, 4.64e-07], average transfer time: inf
 building test:
	icc -lrt -O2 -no-vec -xhost   -DORIO_REPS=5 -o __orio_perftest.exe __orio_perftest49.c timer_cpu.o 
 running test:
	 ./__orio_perftest.exe
coordinate: [0, 6], average cost: 4.7125e-07, all costs: [1.072e-06, 4.97e-07, 4.68e-07, 4.61e-07, 4.59e-07], average transfer time: inf
 building test:
	icc -lrt -O2 -no-vec -xhost   -DORIO_REPS=5 -o __orio_perftest.exe __orio_perftest50.c timer_cpu.o 
 running test:
	 ./__orio_perftest.exe
coordinate: [1, 6], average cost: 4.7375e-07, all costs: [1.137e-06, 4.9e-07, 4.65e-07, 4.73e-07, 4.67e-07], average transfer time: inf
 building test:
	icc -lrt -O2 -no-vec -xhost   -DORIO_REPS=5 -o __orio_perftest.exe __orio_perftest51.c timer_cpu.o 
 running test:
	 ./__orio_perftest.exe
coordinate: [2, 6], average cost: 4.78e-07, all costs: [9.22e-07, 5.12e-07, 4.68e-07, 4.65e-07, 4.67e-07], average transfer time: inf
 building test:
	icc -lrt -O2 -no-vec -xhost   -DORIO_REPS=5 -o __orio_perftest.exe __orio_perftest52.c timer_cpu.o 
 running test:
	 ./__orio_perftest.exe
coordinate: [3, 6], average cost: 5.0575e-07, all costs: [1.059e-06, 6.47e-07, 4.58e-07, 4.59e-07, 4.59e-07], average transfer time: inf
 building test:
	icc -lrt -O2 -no-vec -xhost   -DORIO_REPS=5 -o __orio_perftest.exe __orio_perftest53.c timer_cpu.o 
 running test:
	 ./__orio_perftest.exe
coordinate: [4, 6], average cost: 4.7925e-07, all costs: [7.86e-07, 5.31e-07, 4.56e-07, 4.65e-07, 4.65e-07], average transfer time: inf
 building test:
	icc -lrt -O2 -no-vec -xhost   -DORIO_REPS=5 -o __orio_perftest.exe __orio_perftest54.c timer_cpu.o 
 running test:
	 ./__orio_perftest.exe
coordinate: [5, 6], average cost: 4.715e-07, all costs: [7.78e-07, 5e-07, 4.6e-07, 4.63e-07, 4.63e-07], average transfer time: inf
 building test:
	icc -lrt -O2 -no-vec -xhost   -DORIO_REPS=5 -o __orio_perftest.exe __orio_perftest55.c timer_cpu.o 
 running test:
	 ./__orio_perftest.exe
coordinate: [6, 6], average cost: 4.7675e-07, all costs: [9.25e-07, 5.07e-07, 4.63e-07, 4.67e-07, 4.7e-07], average transfer time: inf
 building test:
	icc -lrt -O2 -no-vec -xhost   -DORIO_REPS=5 -o __orio_perftest.exe __orio_perftest56.c timer_cpu.o 
 running test:
	 ./__orio_perftest.exe
coordinate: [7, 6], average cost: 4.9225e-07, all costs: [1.09e-06, 5.42e-07, 4.74e-07, 4.76e-07, 4.77e-07], average transfer time: inf
 building test:
	icc -lrt -O2 -no-vec -xhost -restrict  -DORIO_REPS=5 -o __orio_perftest.exe __orio_perftest57.c timer_cpu.o 
 running test:
	 ./__orio_perftest.exe
coordinate: [0, 7], average cost: 4.69e-07, all costs: [1.066e-06, 4.99e-07, 4.56e-07, 4.61e-07, 4.6e-07], average transfer time: inf
 building test:
	icc -lrt -O2 -no-vec -xhost -restrict  -DORIO_REPS=5 -o __orio_perftest.exe __orio_perftest58.c timer_cpu.o 
 running test:
	 ./__orio_perftest.exe
coordinate: [1, 7], average cost: 4.765e-07, all costs: [1.016e-06, 5.12e-07, 4.61e-07, 4.68e-07, 4.65e-07], average transfer time: inf
 building test:
	icc -lrt -O2 -no-vec -xhost -restrict  -DORIO_REPS=5 -o __orio_perftest.exe __orio_perftest59.c timer_cpu.o 
 running test:
	 ./__orio_perftest.exe
coordinate: [2, 7], average cost: 4.7275e-07, all costs: [1.057e-06, 5.01e-07, 4.67e-07, 4.62e-07, 4.61e-07], average transfer time: inf
 building test:
	icc -lrt -O2 -no-vec -xhost -restrict  -DORIO_REPS=5 -o __orio_perftest.exe __orio_perftest60.c timer_cpu.o 
 running test:
	 ./__orio_perftest.exe
coordinate: [3, 7], average cost: 4.635e-07, all costs: [1.098e-06, 4.76e-07, 4.55e-07, 4.6e-07, 4.63e-07], average transfer time: inf
 building test:
	icc -lrt -O2 -no-vec -xhost -restrict  -DORIO_REPS=5 -o __orio_perftest.exe __orio_perftest61.c timer_cpu.o 
 running test:
	 ./__orio_perftest.exe
coordinate: [4, 7], average cost: 4.7675e-07, all costs: [8.99e-07, 5.21e-07, 4.62e-07, 4.61e-07, 4.63e-07], average transfer time: inf
 building test:
	icc -lrt -O2 -no-vec -xhost -restrict  -DORIO_REPS=5 -o __orio_perftest.exe __orio_perftest62.c timer_cpu.o 
 running test:
	 ./__orio_perftest.exe
coordinate: [5, 7], average cost: 5.145e-07, all costs: [9.18e-07, 6.63e-07, 4.63e-07, 4.66e-07, 4.66e-07], average transfer time: inf
 building test:
	icc -lrt -O2 -no-vec -xhost -restrict  -DORIO_REPS=5 -o __orio_perftest.exe __orio_perftest63.c timer_cpu.o 
 running test:
	 ./__orio_perftest.exe
coordinate: [6, 7], average cost: 4.8475e-07, all costs: [9.55e-07, 5.56e-07, 4.63e-07, 4.59e-07, 4.61e-07], average transfer time: inf
 building test:
	icc -lrt -O2 -no-vec -xhost -restrict  -DORIO_REPS=5 -o __orio_perftest.exe __orio_perftest64.c timer_cpu.o 
 running test:
	 ./__orio_perftest.exe
coordinate: [7, 7], average cost: 4.7525e-07, all costs: [9.45e-07, 5.15e-07, 4.59e-07, 4.65e-07, 4.62e-07], average transfer time: inf
----- end exhaustive search -----
----- begin summary -----
 best coordinate: [3, 0]={'PR': 'vector always', 'CFLAGS': '  '}, cost=4.610000e-07, transfer_time=inf, inputs=[('N', 100000000)], search_time=293.96, runs=0
----- end summary -----
----- the obtained best performance parameters -----
 CFLAGS =   
 PR = vector always
----- finish optimizations -----

----- begin writing the output file(s) -----
--> writing output to: _ComputeDMicroscopicCrossSection.c
----- finished writing the output file(s) -----

====== END ORIO ======
