
====== START ORIO ======

----- begin reading the source file: ComputeDMicroscopicCrossSection1.c -----
----- finished reading the source file -----

----- begin parsing annotations -----
----- finished parsing annotations -----

----- begin optimizations -----
Search_Space         = 6.400e+01
Number_of_Parameters = 02
Numeric_Parameters   = 02
Binary_Parameters    = 00
['PR', 'CFLAGS']
[['', 'novector', 'vector aligned', 'vector always', 'vector nontemporal', 'vector nontemporal (xgi,wgi)', 'vector temporal', 'vector unaligned'], ['  ', '  -restrict', ' -xhost ', ' -xhost -restrict', '-no-vec  ', '-no-vec  -restrict', '-no-vec -xhost ', '-no-vec -xhost -restrict']]

----- begin empirical tuning for problem size -----
 N = 100000000

----- begin exhaustive search -----
 building the original code:
	icc -lrt -O2     -DORIO_REPS=5 -DORIGINAL -o __orio_perftest_original.exe __orio_perftest1.c timer_cpu.o 
 building test:
	icc -lrt -O2     -DORIO_REPS=5 -o __orio_perftest.exe __orio_perftest1.c timer_cpu.o 
 running test:
	 ./__orio_perftest.exe
coordinate: [0, 0], average cost: 2.565e-07, all costs: [5.6899999999999997e-07, 2.9200000000000002e-07, 2.4400000000000001e-07, 2.4499999999999998e-07, 2.4499999999999998e-07], average transfer time: inf
>>>> best coordinate found: [0, 0], average cost: 2.565000e-07, average transfer time: inf
 building test:
	icc -lrt -O2     -DORIO_REPS=5 -o __orio_perftest.exe __orio_perftest2.c timer_cpu.o 
 running test:
	 ./__orio_perftest.exe
coordinate: [1, 0], average cost: 2.8125e-07, all costs: [5.9699999999999996e-07, 3.72e-07, 2.5199999999999998e-07, 2.5199999999999998e-07, 2.4900000000000002e-07], average transfer time: inf
 building test:
	icc -lrt -O2     -DORIO_REPS=5 -o __orio_perftest.exe __orio_perftest3.c timer_cpu.o 
 running test:
	 ./__orio_perftest.exe
coordinate: [2, 0], average cost: 2.57e-07, all costs: [7.1600000000000001e-07, 2.8700000000000002e-07, 2.4699999999999998e-07, 2.4699999999999998e-07, 2.4699999999999998e-07], average transfer time: inf
 building test:
	icc -lrt -O2     -DORIO_REPS=5 -o __orio_perftest.exe __orio_perftest4.c timer_cpu.o 
 running test:
	 ./__orio_perftest.exe
coordinate: [3, 0], average cost: 2.7775e-07, all costs: [5.7100000000000002e-07, 3.7e-07, 2.4699999999999998e-07, 2.4699999999999998e-07, 2.4699999999999998e-07], average transfer time: inf
 building test:
	icc -lrt -O2     -DORIO_REPS=5 -o __orio_perftest.exe __orio_perftest5.c timer_cpu.o 
 running test:
	 ./__orio_perftest.exe
coordinate: [4, 0], average cost: 2.5775e-07, all costs: [5.3600000000000004e-07, 2.9200000000000002e-07, 2.4499999999999998e-07, 2.4699999999999998e-07, 2.4699999999999998e-07], average transfer time: inf
 building test:
	icc -lrt -O2     -DORIO_REPS=5 -o __orio_perftest.exe __orio_perftest6.c timer_cpu.o 
 running test:
	 ./__orio_perftest.exe
coordinate: [5, 0], average cost: 2.755e-07, all costs: [5.44e-07, 3.5600000000000001e-07, 2.4999999999999999e-07, 2.4900000000000002e-07, 2.4699999999999998e-07], average transfer time: inf
 building test:
	icc -lrt -O2     -DORIO_REPS=5 -o __orio_perftest.exe __orio_perftest7.c timer_cpu.o 
 running test:
	 ./__orio_perftest.exe
coordinate: [6, 0], average cost: 2.6075e-07, all costs: [5.2099999999999997e-07, 2.9200000000000002e-07, 2.4900000000000002e-07, 2.4999999999999999e-07, 2.5199999999999998e-07], average transfer time: inf
 building test:
	icc -lrt -O2     -DORIO_REPS=5 -o __orio_perftest.exe __orio_perftest8.c timer_cpu.o 
 running test:
	 ./__orio_perftest.exe
coordinate: [7, 0], average cost: 2.8075e-07, all costs: [5.5300000000000004e-07, 3.6699999999999999e-07, 2.5199999999999998e-07, 2.5199999999999998e-07, 2.5199999999999998e-07], average transfer time: inf
 building test:
	icc -lrt -O2   -restrict  -DORIO_REPS=5 -o __orio_perftest.exe __orio_perftest9.c timer_cpu.o 
 running test:
	 ./__orio_perftest.exe
coordinate: [0, 1], average cost: 2.605e-07, all costs: [5.5899999999999996e-07, 2.9200000000000002e-07, 2.4999999999999999e-07, 2.4999999999999999e-07, 2.4999999999999999e-07], average transfer time: inf
 building test:
	icc -lrt -O2   -restrict  -DORIO_REPS=5 -o __orio_perftest.exe __orio_perftest10.c timer_cpu.o 
 running test:
	 ./__orio_perftest.exe
coordinate: [1, 1], average cost: 2.565e-07, all costs: [5.0100000000000005e-07, 2.8500000000000002e-07, 2.4699999999999998e-07, 2.4699999999999998e-07, 2.4699999999999998e-07], average transfer time: inf
>>>> best coordinate found: [1, 1], average cost: 2.565000e-07, average transfer time: inf
 building test:
	icc -lrt -O2   -restrict  -DORIO_REPS=5 -o __orio_perftest.exe __orio_perftest11.c timer_cpu.o 
 running test:
	 ./__orio_perftest.exe
coordinate: [2, 1], average cost: 2.57e-07, all costs: [5.4700000000000001e-07, 2.8900000000000001e-07, 2.4499999999999998e-07, 2.4400000000000001e-07, 2.4999999999999999e-07], average transfer time: inf
 building test:
	icc -lrt -O2   -restrict  -DORIO_REPS=5 -o __orio_perftest.exe __orio_perftest12.c timer_cpu.o 
 running test:
	 ./__orio_perftest.exe
coordinate: [3, 1], average cost: 2.7325e-07, all costs: [6.2600000000000002e-07, 3.5400000000000002e-07, 2.4699999999999998e-07, 2.4499999999999998e-07, 2.4699999999999998e-07], average transfer time: inf
 building test:
	icc -lrt -O2   -restrict  -DORIO_REPS=5 -o __orio_perftest.exe __orio_perftest13.c timer_cpu.o 
 running test:
	 ./__orio_perftest.exe
coordinate: [4, 1], average cost: 2.575e-07, all costs: [5.5400000000000001e-07, 2.9200000000000002e-07, 2.4699999999999998e-07, 2.4400000000000001e-07, 2.4699999999999998e-07], average transfer time: inf
 building test:
	icc -lrt -O2   -restrict  -DORIO_REPS=5 -o __orio_perftest.exe __orio_perftest14.c timer_cpu.o 
 running test:
	 ./__orio_perftest.exe
coordinate: [5, 1], average cost: 2.58e-07, all costs: [4.4099999999999999e-07, 2.8200000000000001e-07, 2.4999999999999999e-07, 2.4999999999999999e-07, 2.4999999999999999e-07], average transfer time: inf
 building test:
	icc -lrt -O2   -restrict  -DORIO_REPS=5 -o __orio_perftest.exe __orio_perftest15.c timer_cpu.o 
 running test:
	 ./__orio_perftest.exe
coordinate: [6, 1], average cost: 2.65e-07, all costs: [5.3600000000000004e-07, 3.0499999999999999e-07, 2.5499999999999999e-07, 2.4999999999999999e-07, 2.4999999999999999e-07], average transfer time: inf
 building test:
	icc -lrt -O2   -restrict  -DORIO_REPS=5 -o __orio_perftest.exe __orio_perftest16.c timer_cpu.o 
 running test:
	 ./__orio_perftest.exe
coordinate: [7, 1], average cost: 2.5625e-07, all costs: [5.6300000000000005e-07, 2.8900000000000001e-07, 2.4699999999999998e-07, 2.4400000000000001e-07, 2.4499999999999998e-07], average transfer time: inf
>>>> best coordinate found: [7, 1], average cost: 2.562500e-07, average transfer time: inf
 building test:
	icc -lrt -O2  -xhost   -DORIO_REPS=5 -o __orio_perftest.exe __orio_perftest17.c timer_cpu.o 
 running test:
	 ./__orio_perftest.exe
coordinate: [0, 2], average cost: 2.79e-07, all costs: [6.3900000000000004e-07, 3.6199999999999999e-07, 2.5199999999999998e-07, 2.4999999999999999e-07, 2.5199999999999998e-07], average transfer time: inf
 building test:
	icc -lrt -O2  -xhost   -DORIO_REPS=5 -o __orio_perftest.exe __orio_perftest18.c timer_cpu.o 
 running test:
	 ./__orio_perftest.exe
coordinate: [1, 2], average cost: 2.5625e-07, all costs: [6.8100000000000002e-07, 2.8700000000000002e-07, 2.4699999999999998e-07, 2.4400000000000001e-07, 2.4699999999999998e-07], average transfer time: inf
 building test:
	icc -lrt -O2  -xhost   -DORIO_REPS=5 -o __orio_perftest.exe __orio_perftest19.c timer_cpu.o 
 running test:
	 ./__orio_perftest.exe
coordinate: [2, 2], average cost: 2.5775e-07, all costs: [4.9699999999999996e-07, 2.9200000000000002e-07, 2.4699999999999998e-07, 2.4699999999999998e-07, 2.4499999999999998e-07], average transfer time: inf
 building test:
	icc -lrt -O2  -xhost   -DORIO_REPS=5 -o __orio_perftest.exe __orio_perftest20.c timer_cpu.o 
 running test:
	 ./__orio_perftest.exe
coordinate: [3, 2], average cost: 2.7625e-07, all costs: [6.3099999999999997e-07, 3.6699999999999999e-07, 2.4400000000000001e-07, 2.4699999999999998e-07, 2.4699999999999998e-07], average transfer time: inf
 building test:
	icc -lrt -O2  -xhost   -DORIO_REPS=5 -o __orio_perftest.exe __orio_perftest21.c timer_cpu.o 
 running test:
	 ./__orio_perftest.exe
coordinate: [4, 2], average cost: 2.5575e-07, all costs: [5.5700000000000002e-07, 2.8700000000000002e-07, 2.4400000000000001e-07, 2.4699999999999998e-07, 2.4499999999999998e-07], average transfer time: inf
>>>> best coordinate found: [4, 2], average cost: 2.557500e-07, average transfer time: inf
 building test:
	icc -lrt -O2  -xhost   -DORIO_REPS=5 -o __orio_perftest.exe __orio_perftest22.c timer_cpu.o 
 running test:
	 ./__orio_perftest.exe
coordinate: [5, 2], average cost: 2.72e-07, all costs: [6.9299999999999997e-07, 3.5199999999999998e-07, 2.4400000000000001e-07, 2.4699999999999998e-07, 2.4499999999999998e-07], average transfer time: inf
 building test:
	icc -lrt -O2  -xhost   -DORIO_REPS=5 -o __orio_perftest.exe __orio_perftest23.c timer_cpu.o 
 running test:
	 ./__orio_perftest.exe
coordinate: [6, 2], average cost: 2.7525e-07, all costs: [6.6899999999999997e-07, 3.6399999999999998e-07, 2.4699999999999998e-07, 2.4499999999999998e-07, 2.4499999999999998e-07], average transfer time: inf
 building test:
	icc -lrt -O2  -xhost   -DORIO_REPS=5 -o __orio_perftest.exe __orio_perftest24.c timer_cpu.o 
 running test:
	 ./__orio_perftest.exe
coordinate: [7, 2], average cost: 2.6e-07, all costs: [5.8899999999999999e-07, 2.9200000000000002e-07, 2.4900000000000002e-07, 2.4900000000000002e-07, 2.4999999999999999e-07], average transfer time: inf
 building test:
	icc -lrt -O2  -xhost -restrict  -DORIO_REPS=5 -o __orio_perftest.exe __orio_perftest25.c timer_cpu.o 
 running test:
	 ./__orio_perftest.exe
coordinate: [0, 3], average cost: 2.56e-07, all costs: [5.4899999999999995e-07, 2.8900000000000001e-07, 2.4699999999999998e-07, 2.4400000000000001e-07, 2.4400000000000001e-07], average transfer time: inf
 building test:
	icc -lrt -O2  -xhost -restrict  -DORIO_REPS=5 -o __orio_perftest.exe __orio_perftest26.c timer_cpu.o 
 running test:
	 ./__orio_perftest.exe
coordinate: [1, 3], average cost: 2.775e-07, all costs: [6.0900000000000001e-07, 3.6899999999999998e-07, 2.4699999999999998e-07, 2.4699999999999998e-07, 2.4699999999999998e-07], average transfer time: inf
 building test:
	icc -lrt -O2  -xhost -restrict  -DORIO_REPS=5 -o __orio_perftest.exe __orio_perftest27.c timer_cpu.o 
 running test:
	 ./__orio_perftest.exe
coordinate: [2, 3], average cost: 2.59e-07, all costs: [6.44e-07, 2.9200000000000002e-07, 2.4999999999999999e-07, 2.4699999999999998e-07, 2.4699999999999998e-07], average transfer time: inf
 building test:
	icc -lrt -O2  -xhost -restrict  -DORIO_REPS=5 -o __orio_perftest.exe __orio_perftest28.c timer_cpu.o 
 running test:
	 ./__orio_perftest.exe
coordinate: [3, 3], average cost: 2.6e-07, all costs: [6.7599999999999997e-07, 2.8999999999999998e-07, 2.4999999999999999e-07, 2.4999999999999999e-07, 2.4999999999999999e-07], average transfer time: inf
 building test:
	icc -lrt -O2  -xhost -restrict  -DORIO_REPS=5 -o __orio_perftest.exe __orio_perftest29.c timer_cpu.o 
 running test:
	 ./__orio_perftest.exe
coordinate: [4, 3], average cost: 2.5825e-07, all costs: [4.8699999999999995e-07, 2.8700000000000002e-07, 2.4699999999999998e-07, 2.4999999999999999e-07, 2.4900000000000002e-07], average transfer time: inf
 building test:
	icc -lrt -O2  -xhost -restrict  -DORIO_REPS=5 -o __orio_perftest.exe __orio_perftest30.c timer_cpu.o 
 running test:
	 ./__orio_perftest.exe
coordinate: [5, 3], average cost: 2.6625e-07, all costs: [6.1600000000000001e-07, 3.1e-07, 2.5400000000000002e-07, 2.5199999999999998e-07, 2.4900000000000002e-07], average transfer time: inf
 building test:
	icc -lrt -O2  -xhost -restrict  -DORIO_REPS=5 -o __orio_perftest.exe __orio_perftest31.c timer_cpu.o 
 running test:
	 ./__orio_perftest.exe
coordinate: [6, 3], average cost: 2.7675e-07, all costs: [4.9200000000000001e-07, 3.6600000000000002e-07, 2.4699999999999998e-07, 2.4699999999999998e-07, 2.4699999999999998e-07], average transfer time: inf
 building test:
	icc -lrt -O2  -xhost -restrict  -DORIO_REPS=5 -o __orio_perftest.exe __orio_perftest32.c timer_cpu.o 
 running test:
	 ./__orio_perftest.exe
coordinate: [7, 3], average cost: 2.5825e-07, all costs: [5.9699999999999996e-07, 2.8900000000000001e-07, 2.4699999999999998e-07, 2.4999999999999999e-07, 2.4699999999999998e-07], average transfer time: inf
 building test:
	icc -lrt -O2 -no-vec    -DORIO_REPS=5 -o __orio_perftest.exe __orio_perftest33.c timer_cpu.o 
 running test:
	 ./__orio_perftest.exe
coordinate: [0, 4], average cost: 2.5775e-07, all costs: [5.6199999999999998e-07, 2.8999999999999998e-07, 2.4699999999999998e-07, 2.4699999999999998e-07, 2.4699999999999998e-07], average transfer time: inf
 building test:
	icc -lrt -O2 -no-vec    -DORIO_REPS=5 -o __orio_perftest.exe __orio_perftest34.c timer_cpu.o 
 running test:
	 ./__orio_perftest.exe
coordinate: [1, 4], average cost: 2.6025e-07, all costs: [5.44e-07, 2.9999999999999999e-07, 2.4699999999999998e-07, 2.4699999999999998e-07, 2.4699999999999998e-07], average transfer time: inf
 building test:
	icc -lrt -O2 -no-vec    -DORIO_REPS=5 -o __orio_perftest.exe __orio_perftest35.c timer_cpu.o 
 running test:
	 ./__orio_perftest.exe
coordinate: [2, 4], average cost: 2.8425e-07, all costs: [5.8699999999999995e-07, 3.6399999999999998e-07, 2.5899999999999998e-07, 2.5699999999999999e-07, 2.5699999999999999e-07], average transfer time: inf
 building test:
	icc -lrt -O2 -no-vec    -DORIO_REPS=5 -o __orio_perftest.exe __orio_perftest36.c timer_cpu.o 
 running test:
	 ./__orio_perftest.exe
coordinate: [3, 4], average cost: 2.605e-07, all costs: [4.7700000000000005e-07, 2.96e-07, 2.4999999999999999e-07, 2.4699999999999998e-07, 2.4900000000000002e-07], average transfer time: inf
 building test:
	icc -lrt -O2 -no-vec    -DORIO_REPS=5 -o __orio_perftest.exe __orio_perftest37.c timer_cpu.o 
 running test:
	 ./__orio_perftest.exe
coordinate: [4, 4], average cost: 2.5575e-07, all costs: [5.7899999999999998e-07, 2.8900000000000001e-07, 2.4499999999999998e-07, 2.4499999999999998e-07, 2.4400000000000001e-07], average transfer time: inf
 building test:
	icc -lrt -O2 -no-vec    -DORIO_REPS=5 -o __orio_perftest.exe __orio_perftest38.c timer_cpu.o 
 running test:
	 ./__orio_perftest.exe
coordinate: [5, 4], average cost: 2.7925e-07, all costs: [5.9200000000000001e-07, 3.72e-07, 2.4699999999999998e-07, 2.4900000000000002e-07, 2.4900000000000002e-07], average transfer time: inf
 building test:
	icc -lrt -O2 -no-vec    -DORIO_REPS=5 -o __orio_perftest.exe __orio_perftest39.c timer_cpu.o 
 running test:
	 ./__orio_perftest.exe
coordinate: [6, 4], average cost: 2.5775e-07, all costs: [5.99e-07, 2.9200000000000002e-07, 2.4499999999999998e-07, 2.4699999999999998e-07, 2.4699999999999998e-07], average transfer time: inf
 building test:
	icc -lrt -O2 -no-vec    -DORIO_REPS=5 -o __orio_perftest.exe __orio_perftest40.c timer_cpu.o 
 running test:
	 ./__orio_perftest.exe
coordinate: [7, 4], average cost: 2.62e-07, all costs: [5.6199999999999998e-07, 2.9700000000000003e-07, 2.4699999999999998e-07, 2.5199999999999998e-07, 2.5199999999999998e-07], average transfer time: inf
 building test:
	icc -lrt -O2 -no-vec  -restrict  -DORIO_REPS=5 -o __orio_perftest.exe __orio_perftest41.c timer_cpu.o 
 running test:
	 ./__orio_perftest.exe
coordinate: [0, 5], average cost: 2.6225e-07, all costs: [6.8899999999999999e-07, 2.9700000000000003e-07, 2.5199999999999998e-07, 2.4999999999999999e-07, 2.4999999999999999e-07], average transfer time: inf
 building test:
	icc -lrt -O2 -no-vec  -restrict  -DORIO_REPS=5 -o __orio_perftest.exe __orio_perftest42.c timer_cpu.o 
 running test:
	 ./__orio_perftest.exe
coordinate: [1, 5], average cost: 2.8075e-07, all costs: [5.6400000000000002e-07, 2.9200000000000002e-07, 3.4200000000000002e-07, 2.4400000000000001e-07, 2.4499999999999998e-07], average transfer time: inf
 building test:
	icc -lrt -O2 -no-vec  -restrict  -DORIO_REPS=5 -o __orio_perftest.exe __orio_perftest43.c timer_cpu.o 
 running test:
	 ./__orio_perftest.exe
coordinate: [2, 5], average cost: 2.5475e-07, all costs: [4.5200000000000002e-07, 2.8700000000000002e-07, 2.4400000000000001e-07, 2.4400000000000001e-07, 2.4400000000000001e-07], average transfer time: inf
>>>> best coordinate found: [2, 5], average cost: 2.547500e-07, average transfer time: inf
 building test:
	icc -lrt -O2 -no-vec  -restrict  -DORIO_REPS=5 -o __orio_perftest.exe __orio_perftest44.c timer_cpu.o 
 running test:
	 ./__orio_perftest.exe
coordinate: [3, 5], average cost: 2.8225e-07, all costs: [5.7599999999999997e-07, 3.7e-07, 2.4999999999999999e-07, 2.5499999999999999e-07, 2.5400000000000002e-07], average transfer time: inf
 building test:
	icc -lrt -O2 -no-vec  -restrict  -DORIO_REPS=5 -o __orio_perftest.exe __orio_perftest45.c timer_cpu.o 
 running test:
	 ./__orio_perftest.exe
coordinate: [4, 5], average cost: 2.575e-07, all costs: [5.51e-07, 2.8700000000000002e-07, 2.4900000000000002e-07, 2.4699999999999998e-07, 2.4699999999999998e-07], average transfer time: inf
 building test:
	icc -lrt -O2 -no-vec  -restrict  -DORIO_REPS=5 -o __orio_perftest.exe __orio_perftest46.c timer_cpu.o 
 running test:
	 ./__orio_perftest.exe
coordinate: [5, 5], average cost: 2.6125e-07, all costs: [4.9399999999999995e-07, 2.8900000000000001e-07, 2.5199999999999998e-07, 2.5199999999999998e-07, 2.5199999999999998e-07], average transfer time: inf
 building test:
	icc -lrt -O2 -no-vec  -restrict  -DORIO_REPS=5 -o __orio_perftest.exe __orio_perftest47.c timer_cpu.o 
 running test:
	 ./__orio_perftest.exe
coordinate: [6, 5], average cost: 2.6225e-07, all costs: [5.6100000000000001e-07, 2.9700000000000003e-07, 2.4999999999999999e-07, 2.4999999999999999e-07, 2.5199999999999998e-07], average transfer time: inf
 building test:
	icc -lrt -O2 -no-vec  -restrict  -DORIO_REPS=5 -o __orio_perftest.exe __orio_perftest48.c timer_cpu.o 
 running test:
	 ./__orio_perftest.exe
coordinate: [7, 5], average cost: 2.6125e-07, all costs: [4.9599999999999999e-07, 2.9400000000000001e-07, 2.5199999999999998e-07, 2.4999999999999999e-07, 2.4900000000000002e-07], average transfer time: inf
 building test:
	icc -lrt -O2 -no-vec -xhost   -DORIO_REPS=5 -o __orio_perftest.exe __orio_perftest49.c timer_cpu.o 
 running test:
	 ./__orio_perftest.exe
coordinate: [0, 6], average cost: 2.745e-07, all costs: [4.5400000000000002e-07, 3.6199999999999999e-07, 2.4699999999999998e-07, 2.4400000000000001e-07, 2.4499999999999998e-07], average transfer time: inf
 building test:
	icc -lrt -O2 -no-vec -xhost   -DORIO_REPS=5 -o __orio_perftest.exe __orio_perftest50.c timer_cpu.o 
 running test:
	 ./__orio_perftest.exe
coordinate: [1, 6], average cost: 2.6125e-07, all costs: [5.5899999999999996e-07, 2.8999999999999998e-07, 2.4900000000000002e-07, 2.5400000000000002e-07, 2.5199999999999998e-07], average transfer time: inf
 building test:
	icc -lrt -O2 -no-vec -xhost   -DORIO_REPS=5 -o __orio_perftest.exe __orio_perftest51.c timer_cpu.o 
 running test:
	 ./__orio_perftest.exe
coordinate: [2, 6], average cost: 2.5875e-07, all costs: [5.0399999999999996e-07, 2.9200000000000002e-07, 2.4699999999999998e-07, 2.4900000000000002e-07, 2.4699999999999998e-07], average transfer time: inf
 building test:
	icc -lrt -O2 -no-vec -xhost   -DORIO_REPS=5 -o __orio_perftest.exe __orio_perftest52.c timer_cpu.o 
 running test:
	 ./__orio_perftest.exe
coordinate: [3, 6], average cost: 2.7675e-07, all costs: [5.99e-07, 3.6600000000000002e-07, 2.4699999999999998e-07, 2.4699999999999998e-07, 2.4699999999999998e-07], average transfer time: inf
 building test:
	icc -lrt -O2 -no-vec -xhost   -DORIO_REPS=5 -o __orio_perftest.exe __orio_perftest53.c timer_cpu.o 
 running test:
	 ./__orio_perftest.exe
coordinate: [4, 6], average cost: 2.785e-07, all costs: [6.3399999999999999e-07, 3.5999999999999999e-07, 2.5199999999999998e-07, 2.5199999999999998e-07, 2.4999999999999999e-07], average transfer time: inf
 building test:
	icc -lrt -O2 -no-vec -xhost   -DORIO_REPS=5 -o __orio_perftest.exe __orio_perftest54.c timer_cpu.o 
 running test:
	 ./__orio_perftest.exe
coordinate: [5, 6], average cost: 2.7625e-07, all costs: [4.6699999999999999e-07, 3.6399999999999998e-07, 2.4699999999999998e-07, 2.4699999999999998e-07, 2.4699999999999998e-07], average transfer time: inf
 building test:
	icc -lrt -O2 -no-vec -xhost   -DORIO_REPS=5 -o __orio_perftest.exe __orio_perftest55.c timer_cpu.o 
 running test:
	 ./__orio_perftest.exe
coordinate: [6, 6], average cost: 2.75e-07, all costs: [5.99e-07, 3.5900000000000003e-07, 2.4699999999999998e-07, 2.4699999999999998e-07, 2.4699999999999998e-07], average transfer time: inf
 building test:
	icc -lrt -O2 -no-vec -xhost   -DORIO_REPS=5 -o __orio_perftest.exe __orio_perftest56.c timer_cpu.o 
 running test:
	 ./__orio_perftest.exe
coordinate: [7, 6], average cost: 2.745e-07, all costs: [6.6899999999999997e-07, 3.5900000000000003e-07, 2.4699999999999998e-07, 2.4499999999999998e-07, 2.4699999999999998e-07], average transfer time: inf
 building test:
	icc -lrt -O2 -no-vec -xhost -restrict  -DORIO_REPS=5 -o __orio_perftest.exe __orio_perftest57.c timer_cpu.o 
 running test:
	 ./__orio_perftest.exe
coordinate: [0, 7], average cost: 2.5925e-07, all costs: [5.2699999999999999e-07, 2.8999999999999998e-07, 2.4999999999999999e-07, 2.4999999999999999e-07, 2.4699999999999998e-07], average transfer time: inf
 building test:
	icc -lrt -O2 -no-vec -xhost -restrict  -DORIO_REPS=5 -o __orio_perftest.exe __orio_perftest58.c timer_cpu.o 
 running test:
	 ./__orio_perftest.exe
coordinate: [1, 7], average cost: 2.5875e-07, all costs: [4.89e-07, 2.9900000000000002e-07, 2.4699999999999998e-07, 2.4400000000000001e-07, 2.4499999999999998e-07], average transfer time: inf
 building test:
	icc -lrt -O2 -no-vec -xhost -restrict  -DORIO_REPS=5 -o __orio_perftest.exe __orio_perftest59.c timer_cpu.o 
 running test:
	 ./__orio_perftest.exe
coordinate: [2, 7], average cost: 2.765e-07, all costs: [4.8400000000000005e-07, 3.6199999999999999e-07, 2.4699999999999998e-07, 2.4999999999999999e-07, 2.4699999999999998e-07], average transfer time: inf
 building test:
	icc -lrt -O2 -no-vec -xhost -restrict  -DORIO_REPS=5 -o __orio_perftest.exe __orio_perftest60.c timer_cpu.o 
 running test:
	 ./__orio_perftest.exe
coordinate: [3, 7], average cost: 2.625e-07, all costs: [6.8599999999999998e-07, 3.0899999999999997e-07, 2.4699999999999998e-07, 2.4699999999999998e-07, 2.4699999999999998e-07], average transfer time: inf
 building test:
	icc -lrt -O2 -no-vec -xhost -restrict  -DORIO_REPS=5 -o __orio_perftest.exe __orio_perftest61.c timer_cpu.o 
 running test:
	 ./__orio_perftest.exe
coordinate: [4, 7], average cost: 2.77e-07, all costs: [5.2399999999999998e-07, 3.6399999999999998e-07, 2.4699999999999998e-07, 2.4699999999999998e-07, 2.4999999999999999e-07], average transfer time: inf
 building test:
	icc -lrt -O2 -no-vec -xhost -restrict  -DORIO_REPS=5 -o __orio_perftest.exe __orio_perftest62.c timer_cpu.o 
 running test:
	 ./__orio_perftest.exe
coordinate: [5, 7], average cost: 2.745e-07, all costs: [6.0200000000000002e-07, 3.5999999999999999e-07, 2.4699999999999998e-07, 2.4400000000000001e-07, 2.4699999999999998e-07], average transfer time: inf
 building test:
	icc -lrt -O2 -no-vec -xhost -restrict  -DORIO_REPS=5 -o __orio_perftest.exe __orio_perftest63.c timer_cpu.o 
 running test:
	 ./__orio_perftest.exe
coordinate: [6, 7], average cost: 2.73e-07, all costs: [5.4700000000000001e-07, 3.5900000000000003e-07, 2.4400000000000001e-07, 2.4400000000000001e-07, 2.4499999999999998e-07], average transfer time: inf
 building test:
	icc -lrt -O2 -no-vec -xhost -restrict  -DORIO_REPS=5 -o __orio_perftest.exe __orio_perftest64.c timer_cpu.o 
 running test:
	 ./__orio_perftest.exe
coordinate: [7, 7], average cost: 2.5825e-07, all costs: [6.0100000000000005e-07, 2.8999999999999998e-07, 2.4900000000000002e-07, 2.4699999999999998e-07, 2.4699999999999998e-07], average transfer time: inf
----- end exhaustive search -----
----- begin summary -----
 best coordinate: [2, 5]={'PR': 'vector aligned', 'CFLAGS': '-no-vec  -restrict'}, cost=2.547500e-07, transfer_time=inf, inputs=[('N', 100000000)], search_time=239.85, runs=0
----- end summary -----
----- the obtained best performance parameters -----
 CFLAGS = -no-vec  -restrict
 PR = vector aligned
----- finish optimizations -----

----- begin writing the output file(s) -----
--> writing output to: _ComputeDMicroscopicCrossSection1.c
----- finished writing the output file(s) -----

====== END ORIO ======
