
====== START ORIO ======

----- begin reading the source file: ComputeDMicroscopicCrossSection2.c -----
----- finished reading the source file -----

----- begin parsing annotations -----
----- finished parsing annotations -----

----- begin optimizations -----
Search_Space         = 6.400e+01
Number_of_Parameters = 02
Numeric_Parameters   = 02
Binary_Parameters    = 00
['PR', 'CFLAGS']
[['', 'novector', 'vector aligned', 'vector always', 'vector nontemporal', 'vector nontemporal (xgi,wgi)', 'vector temporal', 'vector unaligned'], ['  ', '  -restrict', ' -xhost ', ' -xhost -restrict', '-no-vec  ', '-no-vec  -restrict', '-no-vec -xhost ', '-no-vec -xhost -restrict']]

----- begin empirical tuning for problem size -----
 N = 100000000

----- begin exhaustive search -----
 compiling timer:
	icc -lrt -O3    -O0 -c -o timer_cpu.o timer_cpu.c
 building the original code:
	icc -lrt -O3     -DORIO_REPS=5 -DORIGINAL -o __orio_perftest_original.exe __orio_perftest1.c timer_cpu.o 
 building test:
	icc -lrt -O3     -DORIO_REPS=5 -o __orio_perftest.exe __orio_perftest1.c timer_cpu.o 
 running test:
	 ./__orio_perftest.exe
coordinate: [0, 0], average cost: 2.6475e-07, all costs: [6.8899999999999999e-07, 3.1199999999999999e-07, 2.4699999999999998e-07, 2.4999999999999999e-07, 2.4999999999999999e-07], average transfer time: inf
>>>> best coordinate found: [0, 0], average cost: 2.647500e-07, average transfer time: inf
 building test:
	icc -lrt -O3     -DORIO_REPS=5 -o __orio_perftest.exe __orio_perftest2.c timer_cpu.o 
 running test:
	 ./__orio_perftest.exe
coordinate: [1, 0], average cost: 2.74e-07, all costs: [5.5400000000000001e-07, 3.6199999999999999e-07, 2.4499999999999998e-07, 2.4499999999999998e-07, 2.4400000000000001e-07], average transfer time: inf
 building test:
	icc -lrt -O3     -DORIO_REPS=5 -o __orio_perftest.exe __orio_perftest3.c timer_cpu.o 
 running test:
	 ./__orio_perftest.exe
coordinate: [2, 0], average cost: 2.6325e-07, all costs: [4.7199999999999999e-07, 3.15e-07, 2.4400000000000001e-07, 2.4699999999999998e-07, 2.4699999999999998e-07], average transfer time: inf
>>>> best coordinate found: [2, 0], average cost: 2.632500e-07, average transfer time: inf
 building test:
	icc -lrt -O3     -DORIO_REPS=5 -o __orio_perftest.exe __orio_perftest4.c timer_cpu.o 
 running test:
	 ./__orio_perftest.exe
coordinate: [3, 0], average cost: 2.6525e-07, all costs: [6.3600000000000003e-07, 2.9700000000000003e-07, 2.5400000000000002e-07, 2.5499999999999999e-07, 2.5499999999999999e-07], average transfer time: inf
 building test:
	icc -lrt -O3     -DORIO_REPS=5 -o __orio_perftest.exe __orio_perftest5.c timer_cpu.o 
 running test:
	 ./__orio_perftest.exe
coordinate: [4, 0], average cost: 2.7575e-07, all costs: [5.7599999999999997e-07, 3.6699999999999999e-07, 2.4400000000000001e-07, 2.4699999999999998e-07, 2.4499999999999998e-07], average transfer time: inf
 building test:
	icc -lrt -O3     -DORIO_REPS=5 -o __orio_perftest.exe __orio_perftest6.c timer_cpu.o 
 running test:
	 ./__orio_perftest.exe
coordinate: [5, 0], average cost: 2.775e-07, all costs: [5.7700000000000004e-07, 3.6699999999999999e-07, 2.4699999999999998e-07, 2.4699999999999998e-07, 2.4900000000000002e-07], average transfer time: inf
 building test:
	icc -lrt -O3     -DORIO_REPS=5 -o __orio_perftest.exe __orio_perftest7.c timer_cpu.o 
 running test:
	 ./__orio_perftest.exe
coordinate: [6, 0], average cost: 2.57e-07, all costs: [5.5400000000000001e-07, 2.8500000000000002e-07, 2.4900000000000002e-07, 2.4699999999999998e-07, 2.4699999999999998e-07], average transfer time: inf
>>>> best coordinate found: [6, 0], average cost: 2.570000e-07, average transfer time: inf
 building test:
	icc -lrt -O3     -DORIO_REPS=5 -o __orio_perftest.exe __orio_perftest8.c timer_cpu.o 
 running test:
	 ./__orio_perftest.exe
coordinate: [7, 0], average cost: 2.57e-07, all costs: [5.6700000000000003e-07, 2.9400000000000001e-07, 2.4699999999999998e-07, 2.4499999999999998e-07, 2.4200000000000002e-07], average transfer time: inf
 building test:
	icc -lrt -O3   -restrict  -DORIO_REPS=5 -o __orio_perftest.exe __orio_perftest9.c timer_cpu.o 
 running test:
	 ./__orio_perftest.exe
coordinate: [0, 1], average cost: 2.785e-07, all costs: [5.2900000000000004e-07, 3.6699999999999999e-07, 2.4999999999999999e-07, 2.4999999999999999e-07, 2.4699999999999998e-07], average transfer time: inf
 building test:
	icc -lrt -O3   -restrict  -DORIO_REPS=5 -o __orio_perftest.exe __orio_perftest10.c timer_cpu.o 
 running test:
	 ./__orio_perftest.exe
coordinate: [1, 1], average cost: 2.575e-07, all costs: [5.7700000000000004e-07, 2.8999999999999998e-07, 2.4900000000000002e-07, 2.4400000000000001e-07, 2.4699999999999998e-07], average transfer time: inf
 building test:
	icc -lrt -O3   -restrict  -DORIO_REPS=5 -o __orio_perftest.exe __orio_perftest11.c timer_cpu.o 
 running test:
	 ./__orio_perftest.exe
coordinate: [2, 1], average cost: 2.825e-07, all costs: [4.7899999999999999e-07, 3.77e-07, 2.5199999999999998e-07, 2.5199999999999998e-07, 2.4900000000000002e-07], average transfer time: inf
 building test:
	icc -lrt -O3   -restrict  -DORIO_REPS=5 -o __orio_perftest.exe __orio_perftest12.c timer_cpu.o 
 running test:
	 ./__orio_perftest.exe
coordinate: [3, 1], average cost: 2.8575e-07, all costs: [5.7899999999999998e-07, 2.9499999999999998e-07, 3.4400000000000001e-07, 2.5199999999999998e-07, 2.5199999999999998e-07], average transfer time: inf
 building test:
	icc -lrt -O3   -restrict  -DORIO_REPS=5 -o __orio_perftest.exe __orio_perftest13.c timer_cpu.o 
 running test:
	 ./__orio_perftest.exe
coordinate: [4, 1], average cost: 2.56e-07, all costs: [5.2399999999999998e-07, 2.8700000000000002e-07, 2.4699999999999998e-07, 2.4499999999999998e-07, 2.4499999999999998e-07], average transfer time: inf
>>>> best coordinate found: [4, 1], average cost: 2.560000e-07, average transfer time: inf
 building test:
	icc -lrt -O3   -restrict  -DORIO_REPS=5 -o __orio_perftest.exe __orio_perftest14.c timer_cpu.o 
 running test:
	 ./__orio_perftest.exe
coordinate: [5, 1], average cost: 2.7725e-07, all costs: [5.44e-07, 3.6199999999999999e-07, 2.4900000000000002e-07, 2.4900000000000002e-07, 2.4900000000000002e-07], average transfer time: inf
 building test:
	icc -lrt -O3   -restrict  -DORIO_REPS=5 -o __orio_perftest.exe __orio_perftest15.c timer_cpu.o 
 running test:
	 ./__orio_perftest.exe
coordinate: [6, 1], average cost: 2.6e-07, all costs: [7.7599999999999996e-07, 2.9700000000000003e-07, 2.4699999999999998e-07, 2.4900000000000002e-07, 2.4699999999999998e-07], average transfer time: inf
 building test:
	icc -lrt -O3   -restrict  -DORIO_REPS=5 -o __orio_perftest.exe __orio_perftest16.c timer_cpu.o 
 running test:
	 ./__orio_perftest.exe
coordinate: [7, 1], average cost: 2.7975e-07, all costs: [1.0979999999999999e-06, 3.6699999999999999e-07, 2.4999999999999999e-07, 2.5199999999999998e-07, 2.4999999999999999e-07], average transfer time: inf
 building test:
	icc -lrt -O3  -xhost   -DORIO_REPS=5 -o __orio_perftest.exe __orio_perftest17.c timer_cpu.o 
 running test:
	 ./__orio_perftest.exe
coordinate: [0, 2], average cost: 2.555e-07, all costs: [1.125e-06, 2.79e-07, 2.4699999999999998e-07, 2.4900000000000002e-07, 2.4699999999999998e-07], average transfer time: inf
>>>> best coordinate found: [0, 2], average cost: 2.555000e-07, average transfer time: inf
 building test:
	icc -lrt -O3  -xhost   -DORIO_REPS=5 -o __orio_perftest.exe __orio_perftest18.c timer_cpu.o 
 running test:
	 ./__orio_perftest.exe
coordinate: [1, 2], average cost: 2.7375e-07, all costs: [8.16e-07, 3.5400000000000002e-07, 2.4699999999999998e-07, 2.4699999999999998e-07, 2.4699999999999998e-07], average transfer time: inf
 building test:
	icc -lrt -O3  -xhost   -DORIO_REPS=5 -o __orio_perftest.exe __orio_perftest19.c timer_cpu.o 
 running test:
	 ./__orio_perftest.exe
coordinate: [2, 2], average cost: 2.64e-07, all costs: [8.9800000000000002e-07, 2.9200000000000002e-07, 2.5499999999999999e-07, 2.5699999999999999e-07, 2.5199999999999998e-07], average transfer time: inf
 building test:
	icc -lrt -O3  -xhost   -DORIO_REPS=5 -o __orio_perftest.exe __orio_perftest20.c timer_cpu.o 
 running test:
	 ./__orio_perftest.exe
coordinate: [3, 2], average cost: 2.7675e-07, all costs: [9.78e-07, 3.6399999999999998e-07, 2.4699999999999998e-07, 2.4900000000000002e-07, 2.4699999999999998e-07], average transfer time: inf
 building test:
	icc -lrt -O3  -xhost   -DORIO_REPS=5 -o __orio_perftest.exe __orio_perftest21.c timer_cpu.o 
 running test:
	 ./__orio_perftest.exe
coordinate: [4, 2], average cost: 2.895e-07, all costs: [9.2099999999999995e-07, 3.7e-07, 2.4900000000000002e-07, 2.84e-07, 2.5499999999999999e-07], average transfer time: inf
 building test:
	icc -lrt -O3  -xhost   -DORIO_REPS=5 -o __orio_perftest.exe __orio_perftest22.c timer_cpu.o 
 running test:
	 ./__orio_perftest.exe
coordinate: [5, 2], average cost: 2.5775e-07, all costs: [9.879999999999999e-07, 2.8999999999999998e-07, 2.4699999999999998e-07, 2.4699999999999998e-07, 2.4699999999999998e-07], average transfer time: inf
 building test:
	icc -lrt -O3  -xhost   -DORIO_REPS=5 -o __orio_perftest.exe __orio_perftest23.c timer_cpu.o 
 running test:
	 ./__orio_perftest.exe
coordinate: [6, 2], average cost: 2.825e-07, all costs: [1.0979999999999999e-06, 3.7399999999999999e-07, 2.5199999999999998e-07, 2.5199999999999998e-07, 2.5199999999999998e-07], average transfer time: inf
 building test:
	icc -lrt -O3  -xhost   -DORIO_REPS=5 -o __orio_perftest.exe __orio_perftest24.c timer_cpu.o 
 running test:
	 ./__orio_perftest.exe
coordinate: [7, 2], average cost: 2.855e-07, all costs: [1.0279999999999999e-06, 3.9700000000000002e-07, 2.4900000000000002e-07, 2.4699999999999998e-07, 2.4900000000000002e-07], average transfer time: inf
 building test:
	icc -lrt -O3  -xhost -restrict  -DORIO_REPS=5 -o __orio_perftest.exe __orio_perftest25.c timer_cpu.o 
 running test:
	 ./__orio_perftest.exe
coordinate: [0, 3], average cost: 2.8e-07, all costs: [1.2049999999999999e-06, 3.6399999999999998e-07, 2.4999999999999999e-07, 2.5199999999999998e-07, 2.5400000000000002e-07], average transfer time: inf
 building test:
	icc -lrt -O3  -xhost -restrict  -DORIO_REPS=5 -o __orio_perftest.exe __orio_perftest26.c timer_cpu.o 
 running test:
	 ./__orio_perftest.exe
coordinate: [1, 3], average cost: 2.7775e-07, all costs: [7.54e-07, 3.72e-07, 2.4699999999999998e-07, 2.4699999999999998e-07, 2.4499999999999998e-07], average transfer time: inf
 building test:
	icc -lrt -O3  -xhost -restrict  -DORIO_REPS=5 -o __orio_perftest.exe __orio_perftest27.c timer_cpu.o 
 running test:
	 ./__orio_perftest.exe
coordinate: [2, 3], average cost: 2.5925e-07, all costs: [6.1900000000000002e-07, 2.8999999999999998e-07, 2.4999999999999999e-07, 2.4699999999999998e-07, 2.4999999999999999e-07], average transfer time: inf
 building test:
	icc -lrt -O3  -xhost -restrict  -DORIO_REPS=5 -o __orio_perftest.exe __orio_perftest28.c timer_cpu.o 
 running test:
	 ./__orio_perftest.exe
coordinate: [3, 3], average cost: 2.6425e-07, all costs: [5.3399999999999999e-07, 3.0699999999999998e-07, 2.4699999999999998e-07, 2.5400000000000002e-07, 2.4900000000000002e-07], average transfer time: inf
 building test:
	icc -lrt -O3  -xhost -restrict  -DORIO_REPS=5 -o __orio_perftest.exe __orio_perftest29.c timer_cpu.o 
 running test:
	 ./__orio_perftest.exe
coordinate: [4, 3], average cost: 2.755e-07, all costs: [7.5600000000000005e-07, 3.5900000000000003e-07, 2.4900000000000002e-07, 2.4699999999999998e-07, 2.4699999999999998e-07], average transfer time: inf
 building test:
	icc -lrt -O3  -xhost -restrict  -DORIO_REPS=5 -o __orio_perftest.exe __orio_perftest30.c timer_cpu.o 
 running test:
	 ./__orio_perftest.exe
coordinate: [5, 3], average cost: 2.7775e-07, all costs: [8.9299999999999996e-07, 3.6699999999999999e-07, 2.4499999999999998e-07, 2.5199999999999998e-07, 2.4699999999999998e-07], average transfer time: inf
 building test:
	icc -lrt -O3  -xhost -restrict  -DORIO_REPS=5 -o __orio_perftest.exe __orio_perftest31.c timer_cpu.o 
 running test:
	 ./__orio_perftest.exe
coordinate: [6, 3], average cost: 2.8025e-07, all costs: [1.0550000000000001e-06, 3.6199999999999999e-07, 2.5199999999999998e-07, 2.5699999999999999e-07, 2.4999999999999999e-07], average transfer time: inf
 building test:
	icc -lrt -O3  -xhost -restrict  -DORIO_REPS=5 -o __orio_perftest.exe __orio_perftest32.c timer_cpu.o 
 running test:
	 ./__orio_perftest.exe
coordinate: [7, 3], average cost: 2.77e-07, all costs: [7.3399999999999998e-07, 3.6199999999999999e-07, 2.4999999999999999e-07, 2.4699999999999998e-07, 2.4900000000000002e-07], average transfer time: inf
 building test:
	icc -lrt -O3 -no-vec    -DORIO_REPS=5 -o __orio_perftest.exe __orio_perftest33.c timer_cpu.o 
 running test:
	 ./__orio_perftest.exe
coordinate: [0, 4], average cost: 2.7325e-07, all costs: [4.7899999999999999e-07, 3.5999999999999999e-07, 2.4699999999999998e-07, 2.4400000000000001e-07, 2.4200000000000002e-07], average transfer time: inf
 building test:
	icc -lrt -O3 -no-vec    -DORIO_REPS=5 -o __orio_perftest.exe __orio_perftest34.c timer_cpu.o 
 running test:
	 ./__orio_perftest.exe
coordinate: [1, 4], average cost: 2.5775e-07, all costs: [8.4099999999999997e-07, 2.8999999999999998e-07, 2.4699999999999998e-07, 2.4699999999999998e-07, 2.4699999999999998e-07], average transfer time: inf
 building test:
	icc -lrt -O3 -no-vec    -DORIO_REPS=5 -o __orio_perftest.exe __orio_perftest35.c timer_cpu.o 
 running test:
	 ./__orio_perftest.exe
coordinate: [2, 4], average cost: 2.6125e-07, all costs: [9.0599999999999999e-07, 2.9900000000000002e-07, 2.4900000000000002e-07, 2.4699999999999998e-07, 2.4999999999999999e-07], average transfer time: inf
 building test:
	icc -lrt -O3 -no-vec    -DORIO_REPS=5 -o __orio_perftest.exe __orio_perftest36.c timer_cpu.o 
 running test:
	 ./__orio_perftest.exe
coordinate: [3, 4], average cost: 2.8125e-07, all costs: [9.7100000000000011e-07, 3.8200000000000001e-07, 2.53e-07, 2.4499999999999998e-07, 2.4499999999999998e-07], average transfer time: inf
 building test:
	icc -lrt -O3 -no-vec    -DORIO_REPS=5 -o __orio_perftest.exe __orio_perftest37.c timer_cpu.o 
 running test:
	 ./__orio_perftest.exe
coordinate: [4, 4], average cost: 2.5525e-07, all costs: [1.0750000000000001e-06, 2.8700000000000002e-07, 2.4200000000000002e-07, 2.4699999999999998e-07, 2.4499999999999998e-07], average transfer time: inf
>>>> best coordinate found: [4, 4], average cost: 2.552500e-07, average transfer time: inf
 building test:
	icc -lrt -O3 -no-vec    -DORIO_REPS=5 -o __orio_perftest.exe __orio_perftest38.c timer_cpu.o 
 running test:
	 ./__orio_perftest.exe
coordinate: [5, 4], average cost: 2.8225e-07, all costs: [6.3399999999999999e-07, 3.8099999999999998e-07, 2.5199999999999998e-07, 2.4900000000000002e-07, 2.4699999999999998e-07], average transfer time: inf
 building test:
	icc -lrt -O3 -no-vec    -DORIO_REPS=5 -o __orio_perftest.exe __orio_perftest39.c timer_cpu.o 
 running test:
	 ./__orio_perftest.exe
coordinate: [6, 4], average cost: 2.8275e-07, all costs: [1.1230000000000001e-06, 3.8700000000000001e-07, 2.4699999999999998e-07, 2.4699999999999998e-07, 2.4999999999999999e-07], average transfer time: inf
 building test:
	icc -lrt -O3 -no-vec    -DORIO_REPS=5 -o __orio_perftest.exe __orio_perftest40.c timer_cpu.o 
 running test:
	 ./__orio_perftest.exe
coordinate: [7, 4], average cost: 2.9125e-07, all costs: [8.3300000000000001e-07, 4.0900000000000002e-07, 2.4999999999999999e-07, 2.5699999999999999e-07, 2.4900000000000002e-07], average transfer time: inf
 building test:
	icc -lrt -O3 -no-vec  -restrict  -DORIO_REPS=5 -o __orio_perftest.exe __orio_perftest41.c timer_cpu.o 
 running test:
	 ./__orio_perftest.exe
coordinate: [0, 5], average cost: 2.9625e-07, all costs: [1.345e-06, 4.4400000000000001e-07, 2.4699999999999998e-07, 2.4699999999999998e-07, 2.4699999999999998e-07], average transfer time: inf
 building test:
	icc -lrt -O3 -no-vec  -restrict  -DORIO_REPS=5 -o __orio_perftest.exe __orio_perftest42.c timer_cpu.o 
 running test:
	 ./__orio_perftest.exe
coordinate: [1, 5], average cost: 3.1175e-07, all costs: [1.4169999999999999e-06, 4.8400000000000005e-07, 2.5199999999999998e-07, 2.5400000000000002e-07, 2.5699999999999999e-07], average transfer time: inf
 building test:
	icc -lrt -O3 -no-vec  -restrict  -DORIO_REPS=5 -o __orio_perftest.exe __orio_perftest43.c timer_cpu.o 
 running test:
	 ./__orio_perftest.exe
coordinate: [2, 5], average cost: 2.8075e-07, all costs: [1.207e-06, 3.7899999999999999e-07, 2.4499999999999998e-07, 2.4999999999999999e-07, 2.4900000000000002e-07], average transfer time: inf
 building test:
	icc -lrt -O3 -no-vec  -restrict  -DORIO_REPS=5 -o __orio_perftest.exe __orio_perftest44.c timer_cpu.o 
 running test:
	 ./__orio_perftest.exe
coordinate: [3, 5], average cost: 2.8075e-07, all costs: [1.147e-06, 3.6399999999999998e-07, 2.5499999999999999e-07, 2.4699999999999998e-07, 2.5699999999999999e-07], average transfer time: inf
 building test:
	icc -lrt -O3 -no-vec  -restrict  -DORIO_REPS=5 -o __orio_perftest.exe __orio_perftest45.c timer_cpu.o 
 running test:
	 ./__orio_perftest.exe
coordinate: [4, 5], average cost: 2.75e-07, all costs: [6.6400000000000002e-07, 3.6899999999999998e-07, 2.4200000000000002e-07, 2.4400000000000001e-07, 2.4499999999999998e-07], average transfer time: inf
 building test:
	icc -lrt -O3 -no-vec  -restrict  -DORIO_REPS=5 -o __orio_perftest.exe __orio_perftest46.c timer_cpu.o 
 running test:
	 ./__orio_perftest.exe
coordinate: [5, 5], average cost: 2.7325e-07, all costs: [8.1299999999999999e-07, 3.5600000000000001e-07, 2.4499999999999998e-07, 2.4499999999999998e-07, 2.4699999999999998e-07], average transfer time: inf
 building test:
	icc -lrt -O3 -no-vec  -restrict  -DORIO_REPS=5 -o __orio_perftest.exe __orio_perftest47.c timer_cpu.o 
 running test:
	 ./__orio_perftest.exe
coordinate: [6, 5], average cost: 2.7675e-07, all costs: [1.0079999999999999e-06, 3.6399999999999998e-07, 2.4699999999999998e-07, 2.4900000000000002e-07, 2.4699999999999998e-07], average transfer time: inf
 building test:
	icc -lrt -O3 -no-vec  -restrict  -DORIO_REPS=5 -o __orio_perftest.exe __orio_perftest48.c timer_cpu.o 
 running test:
	 ./__orio_perftest.exe
coordinate: [7, 5], average cost: 2.785e-07, all costs: [1.3400000000000001e-06, 3.7e-07, 2.4999999999999999e-07, 2.4699999999999998e-07, 2.4699999999999998e-07], average transfer time: inf
 building test:
	icc -lrt -O3 -no-vec -xhost   -DORIO_REPS=5 -o __orio_perftest.exe __orio_perftest49.c timer_cpu.o 
 running test:
	 ./__orio_perftest.exe
coordinate: [0, 6], average cost: 2.6325e-07, all costs: [8.8599999999999997e-07, 3.0699999999999998e-07, 2.4699999999999998e-07, 2.4699999999999998e-07, 2.5199999999999998e-07], average transfer time: inf
 building test:
	icc -lrt -O3 -no-vec -xhost   -DORIO_REPS=5 -o __orio_perftest.exe __orio_perftest50.c timer_cpu.o 
 running test:
	 ./__orio_perftest.exe
coordinate: [1, 6], average cost: 2.755e-07, all costs: [6.06e-07, 3.5900000000000003e-07, 2.4900000000000002e-07, 2.4900000000000002e-07, 2.4499999999999998e-07], average transfer time: inf
 building test:
	icc -lrt -O3 -no-vec -xhost   -DORIO_REPS=5 -o __orio_perftest.exe __orio_perftest51.c timer_cpu.o 
 running test:
	 ./__orio_perftest.exe
coordinate: [2, 6], average cost: 2.775e-07, all costs: [1.057e-06, 3.5699999999999998e-07, 2.5499999999999999e-07, 2.4900000000000002e-07, 2.4900000000000002e-07], average transfer time: inf
 building test:
	icc -lrt -O3 -no-vec -xhost   -DORIO_REPS=5 -o __orio_perftest.exe __orio_perftest52.c timer_cpu.o 
 running test:
	 ./__orio_perftest.exe
coordinate: [3, 6], average cost: 2.6075e-07, all costs: [9.5000000000000001e-07, 2.9900000000000002e-07, 2.4999999999999999e-07, 2.4699999999999998e-07, 2.4699999999999998e-07], average transfer time: inf
 building test:
	icc -lrt -O3 -no-vec -xhost   -DORIO_REPS=5 -o __orio_perftest.exe __orio_perftest53.c timer_cpu.o 
 running test:
	 ./__orio_perftest.exe
coordinate: [4, 6], average cost: 3.075e-07, all costs: [8.1900000000000001e-07, 4.8699999999999995e-07, 2.5199999999999998e-07, 2.4699999999999998e-07, 2.4400000000000001e-07], average transfer time: inf
 building test:
	icc -lrt -O3 -no-vec -xhost   -DORIO_REPS=5 -o __orio_perftest.exe __orio_perftest54.c timer_cpu.o 
 running test:
	 ./__orio_perftest.exe
coordinate: [5, 6], average cost: 2.79e-07, all costs: [1.003e-06, 3.6699999999999999e-07, 2.4999999999999999e-07, 2.4999999999999999e-07, 2.4900000000000002e-07], average transfer time: inf
 building test:
	icc -lrt -O3 -no-vec -xhost   -DORIO_REPS=5 -o __orio_perftest.exe __orio_perftest55.c timer_cpu.o 
 running test:
	 ./__orio_perftest.exe
coordinate: [6, 6], average cost: 2.7775e-07, all costs: [6.2099999999999996e-07, 3.6100000000000002e-07, 2.4900000000000002e-07, 2.4900000000000002e-07, 2.5199999999999998e-07], average transfer time: inf
 building test:
	icc -lrt -O3 -no-vec -xhost   -DORIO_REPS=5 -o __orio_perftest.exe __orio_perftest56.c timer_cpu.o 
 running test:
	 ./__orio_perftest.exe
coordinate: [7, 6], average cost: 2.84e-07, all costs: [6.3399999999999999e-07, 3.7399999999999999e-07, 2.5499999999999999e-07, 2.5499999999999999e-07, 2.5199999999999998e-07], average transfer time: inf
 building test:
	icc -lrt -O3 -no-vec -xhost -restrict  -DORIO_REPS=5 -o __orio_perftest.exe __orio_perftest57.c timer_cpu.o 
 running test:
	 ./__orio_perftest.exe
coordinate: [0, 7], average cost: 2.5575e-07, all costs: [1.5269999999999999e-06, 2.8500000000000002e-07, 2.4699999999999998e-07, 2.4699999999999998e-07, 2.4400000000000001e-07], average transfer time: inf
 building test:
	icc -lrt -O3 -no-vec -xhost -restrict  -DORIO_REPS=5 -o __orio_perftest.exe __orio_perftest58.c timer_cpu.o 
 running test:
	 ./__orio_perftest.exe
coordinate: [1, 7], average cost: 2.825e-07, all costs: [1.1319999999999999e-06, 3.8700000000000001e-07, 2.4699999999999998e-07, 2.4900000000000002e-07, 2.4699999999999998e-07], average transfer time: inf
 building test:
	icc -lrt -O3 -no-vec -xhost -restrict  -DORIO_REPS=5 -o __orio_perftest.exe __orio_perftest59.c timer_cpu.o 
 running test:
	 ./__orio_perftest.exe
coordinate: [2, 7], average cost: 2.86e-07, all costs: [8.54e-07, 3.7399999999999999e-07, 2.5899999999999998e-07, 2.5899999999999998e-07, 2.5199999999999998e-07], average transfer time: inf
 building test:
	icc -lrt -O3 -no-vec -xhost -restrict  -DORIO_REPS=5 -o __orio_perftest.exe __orio_perftest60.c timer_cpu.o 
 running test:
	 ./__orio_perftest.exe
coordinate: [3, 7], average cost: 2.5425e-07, all costs: [1.023e-06, 2.79e-07, 2.4200000000000002e-07, 2.4699999999999998e-07, 2.4900000000000002e-07], average transfer time: inf
>>>> best coordinate found: [3, 7], average cost: 2.542500e-07, average transfer time: inf
 building test:
	icc -lrt -O3 -no-vec -xhost -restrict  -DORIO_REPS=5 -o __orio_perftest.exe __orio_perftest61.c timer_cpu.o 
 running test:
	 ./__orio_perftest.exe
coordinate: [4, 7], average cost: 2.8075e-07, all costs: [8.7599999999999996e-07, 3.8200000000000001e-07, 2.4400000000000001e-07, 2.4699999999999998e-07, 2.4999999999999999e-07], average transfer time: inf
 building test:
	icc -lrt -O3 -no-vec -xhost -restrict  -DORIO_REPS=5 -o __orio_perftest.exe __orio_perftest62.c timer_cpu.o 
 running test:
	 ./__orio_perftest.exe
coordinate: [5, 7], average cost: 2.6625e-07, all costs: [7.3900000000000004e-07, 2.9900000000000002e-07, 2.5499999999999999e-07, 2.6199999999999999e-07, 2.4900000000000002e-07], average transfer time: inf
 building test:
	icc -lrt -O3 -no-vec -xhost -restrict  -DORIO_REPS=5 -o __orio_perftest.exe __orio_perftest63.c timer_cpu.o 
 running test:
	 ./__orio_perftest.exe
coordinate: [6, 7], average cost: 2.8425e-07, all costs: [1.0729999999999999e-06, 3.7500000000000001e-07, 2.5899999999999998e-07, 2.5400000000000002e-07, 2.4900000000000002e-07], average transfer time: inf
 building test:
	icc -lrt -O3 -no-vec -xhost -restrict  -DORIO_REPS=5 -o __orio_perftest.exe __orio_perftest64.c timer_cpu.o 
 running test:
	 ./__orio_perftest.exe
coordinate: [7, 7], average cost: 3.0025e-07, all costs: [5.5899999999999996e-07, 3.1199999999999999e-07, 3.8200000000000001e-07, 2.5499999999999999e-07, 2.5199999999999998e-07], average transfer time: inf
----- end exhaustive search -----
----- begin summary -----
 best coordinate: [3, 7]={'PR': 'vector always', 'CFLAGS': '-no-vec -xhost -restrict'}, cost=2.542500e-07, transfer_time=inf, inputs=[('N', 100000000)], search_time=275.87, runs=0
----- end summary -----
----- the obtained best performance parameters -----
 CFLAGS = -no-vec -xhost -restrict
 PR = vector always
----- finish optimizations -----

----- begin writing the output file(s) -----
--> writing output to: _ComputeDMicroscopicCrossSection2.c
----- finished writing the output file(s) -----

====== END ORIO ======
