
====== START ORIO ======

----- begin reading the source file: ex4.c -----
----- finished reading the source file -----

----- begin parsing annotations -----
----- finished parsing annotations -----

----- begin optimizations -----
Search_Space         = 6.400e+01
Number_of_Parameters = 02
Numeric_Parameters   = 02
Binary_Parameters    = 00
['PR', 'CFLAGS']
[['', 'novector', 'vector aligned', 'vector always', 'vector nontemporal', 'vector nontemporal (a,b,c)', 'vector temporal', 'vector unaligned'], ['  ', '  -restrict', ' -xhost ', ' -xhost -restrict', '-no-vec  ', '-no-vec  -restrict', '-no-vec -xhost ', '-no-vec -xhost -restrict']]

----- begin empirical tuning for problem size -----
 N = 100000000

----- begin exhaustive search -----
 building the original code:
	icc -O3     -DORIO_REPS=5 -DORIGINAL -o __orio_perftest_original.exe __orio_perftest1.c timer_cpu.o 
 building test:
	icc -O3     -DORIO_REPS=5 -o __orio_perftest.exe __orio_perftest1.c timer_cpu.o 
 running test:
	 ./__orio_perftest.exe
coordinate: [0, 0], average cost: 0.7799565, all costs: [0.779956, 0.779957, 0.779956, 0.779956, 0.779957], average transfer time: inf
>>>> best coordinate found: [0, 0], average cost: 7.799565e-01, average transfer time: inf
 building test:
	icc -O3     -DORIO_REPS=5 -o __orio_perftest.exe __orio_perftest2.c timer_cpu.o 
 running test:
	 ./__orio_perftest.exe
coordinate: [1, 0], average cost: 0.7789565, all costs: [0.779956, 0.779957, 0.775956, 0.779956, 0.779957], average transfer time: inf
>>>> best coordinate found: [1, 0], average cost: 7.789565e-01, average transfer time: inf
 building test:
	icc -O3     -DORIO_REPS=5 -o __orio_perftest.exe __orio_perftest3.c timer_cpu.o 
 running test:
	 ./__orio_perftest.exe
coordinate: [2, 0], average cost: 0.7789565, all costs: [0.779956, 0.779957, 0.775956, 0.779957, 0.779956], average transfer time: inf
 building test:
	icc -O3     -DORIO_REPS=5 -o __orio_perftest.exe __orio_perftest4.c timer_cpu.o 
 running test:
	 ./__orio_perftest.exe
coordinate: [3, 0], average cost: 0.7769565, all costs: [0.775957, 0.779956, 0.775957, 0.775956, 0.775957], average transfer time: inf
>>>> best coordinate found: [3, 0], average cost: 7.769565e-01, average transfer time: inf
 building test:
	icc -O3     -DORIO_REPS=5 -o __orio_perftest.exe __orio_perftest5.c timer_cpu.o 
 running test:
	 ./__orio_perftest.exe
coordinate: [4, 0], average cost: 0.77995625, all costs: [0.783956, 0.779956, 0.779957, 0.779956, 0.779956], average transfer time: inf
 building test:
	icc -O3     -DORIO_REPS=5 -o __orio_perftest.exe __orio_perftest6.c timer_cpu.o 
 running test:
	 ./__orio_perftest.exe
coordinate: [5, 0], average cost: 0.7779565, all costs: [0.775956, 0.779957, 0.775956, 0.779957, 0.775956], average transfer time: inf
 building test:
	icc -O3     -DORIO_REPS=5 -o __orio_perftest.exe __orio_perftest7.c timer_cpu.o 
 running test:
	 ./__orio_perftest.exe
coordinate: [6, 0], average cost: 0.78195625, all costs: [0.779956, 0.783956, 0.779957, 0.779956, 0.783956], average transfer time: inf
 building test:
	icc -O3     -DORIO_REPS=5 -o __orio_perftest.exe __orio_perftest8.c timer_cpu.o 
 running test:
	 ./__orio_perftest.exe
coordinate: [7, 0], average cost: 0.6329645, all costs: [0.635964, 0.631965, 0.631964, 0.631965, 0.635964], average transfer time: inf
>>>> best coordinate found: [7, 0], average cost: 6.329645e-01, average transfer time: inf
 building test:
	icc -O3   -restrict  -DORIO_REPS=5 -o __orio_perftest.exe __orio_perftest9.c timer_cpu.o 
 running test:
	 ./__orio_perftest.exe
coordinate: [0, 1], average cost: 0.63896425, all costs: [0.639964, 0.639964, 0.635965, 0.639964, 0.639964], average transfer time: inf
 building test:
	icc -O3   -restrict  -DORIO_REPS=5 -o __orio_perftest.exe __orio_perftest10.c timer_cpu.o 
 running test:
	 ./__orio_perftest.exe
coordinate: [1, 1], average cost: 0.7799565, all costs: [0.779956, 0.779957, 0.779956, 0.779956, 0.779957], average transfer time: inf
 building test:
	icc -O3   -restrict  -DORIO_REPS=5 -o __orio_perftest.exe __orio_perftest11.c timer_cpu.o 
 running test:
	 ./__orio_perftest.exe
coordinate: [2, 1], average cost: 0.77995625, all costs: [0.779957, 0.779956, 0.779956, 0.779957, 0.779956], average transfer time: inf
 building test:
	icc -O3   -restrict  -DORIO_REPS=5 -o __orio_perftest.exe __orio_perftest12.c timer_cpu.o 
 running test:
	 ./__orio_perftest.exe
coordinate: [3, 1], average cost: 0.695961, all costs: [0.695961, 0.695961, 0.695961, 0.695961, 0.695961], average transfer time: inf
 building test:
	icc -O3   -restrict  -DORIO_REPS=5 -o __orio_perftest.exe __orio_perftest13.c timer_cpu.o 
 running test:
	 ./__orio_perftest.exe
coordinate: [4, 1], average cost: 0.7799565, all costs: [0.779956, 0.779956, 0.779957, 0.779956, 0.779957], average transfer time: inf
 building test:
	icc -O3   -restrict  -DORIO_REPS=5 -o __orio_perftest.exe __orio_perftest14.c timer_cpu.o 
 running test:
	 ./__orio_perftest.exe
coordinate: [5, 1], average cost: 0.7789565, all costs: [0.779957, 0.779956, 0.779957, 0.775956, 0.779957], average transfer time: inf
 building test:
	icc -O3   -restrict  -DORIO_REPS=5 -o __orio_perftest.exe __orio_perftest15.c timer_cpu.o 
 running test:
	 ./__orio_perftest.exe
coordinate: [6, 1], average cost: 0.7799565, all costs: [0.779956, 0.779957, 0.779956, 0.779957, 0.779956], average transfer time: inf
 building test:
	icc -O3   -restrict  -DORIO_REPS=5 -o __orio_perftest.exe __orio_perftest16.c timer_cpu.o 
 running test:
	 ./__orio_perftest.exe
coordinate: [7, 1], average cost: 0.624965, all costs: [0.627965, 0.623965, 0.627965, 0.623965, 0.623965], average transfer time: inf
>>>> best coordinate found: [7, 1], average cost: 6.249650e-01, average transfer time: inf
 building test:
	icc -O3  -xhost   -DORIO_REPS=5 -o __orio_perftest.exe __orio_perftest17.c timer_cpu.o 
 running test:
	 ./__orio_perftest.exe
coordinate: [0, 2], average cost: 0.82695375, all costs: [0.827954, 0.827953, 0.823954, 0.827954, 0.827954], average transfer time: inf
 building test:
	icc -O3  -xhost   -DORIO_REPS=5 -o __orio_perftest.exe __orio_perftest18.c timer_cpu.o 
 running test:
	 ./__orio_perftest.exe
coordinate: [1, 2], average cost: 0.824954, all costs: [0.823954, 0.827954, 0.823954, 0.823954, 0.823954], average transfer time: inf
 building test:
	icc -O3  -xhost   -DORIO_REPS=5 -o __orio_perftest.exe __orio_perftest19.c timer_cpu.o 
 running test:
	 ./__orio_perftest.exe
coordinate: [2, 2], average cost: 0.82695375, all costs: [0.827954, 0.827953, 0.827954, 0.823954, 0.827954], average transfer time: inf
 building test:
	icc -O3  -xhost   -DORIO_REPS=5 -o __orio_perftest.exe __orio_perftest20.c timer_cpu.o 
 running test:
	 ./__orio_perftest.exe
coordinate: [3, 2], average cost: 0.662963, all costs: [0.659963, 0.663963, 0.663962, 0.659964, 0.663963], average transfer time: inf
 building test:
	icc -O3  -xhost   -DORIO_REPS=5 -o __orio_perftest.exe __orio_perftest21.c timer_cpu.o 
 running test:
	 ./__orio_perftest.exe
coordinate: [4, 2], average cost: 0.82295425, all costs: [0.823954, 0.823954, 0.823954, 0.819955, 0.823954], average transfer time: inf
 building test:
	icc -O3  -xhost   -DORIO_REPS=5 -o __orio_perftest.exe __orio_perftest22.c timer_cpu.o 
 running test:
	 ./__orio_perftest.exe
coordinate: [5, 2], average cost: 0.826954, all costs: [0.827953, 0.827954, 0.823954, 0.827954, 0.827954], average transfer time: inf
 building test:
	icc -O3  -xhost   -DORIO_REPS=5 -o __orio_perftest.exe __orio_perftest23.c timer_cpu.o 
 running test:
	 ./__orio_perftest.exe
coordinate: [6, 2], average cost: 0.824954, all costs: [0.823954, 0.823954, 0.827954, 0.823954, 0.823954], average transfer time: inf
 building test:
	icc -O3  -xhost   -DORIO_REPS=5 -o __orio_perftest.exe __orio_perftest24.c timer_cpu.o 
 running test:
	 ./__orio_perftest.exe
coordinate: [7, 2], average cost: 0.5999665, all costs: [0.599966, 0.599967, 0.599966, 0.599967, 0.599966], average transfer time: inf
>>>> best coordinate found: [7, 2], average cost: 5.999665e-01, average transfer time: inf
 building test:
	icc -O3  -xhost -restrict  -DORIO_REPS=5 -o __orio_perftest.exe __orio_perftest25.c timer_cpu.o 
 running test:
	 ./__orio_perftest.exe
coordinate: [0, 3], average cost: 0.822954, all costs: [0.823954, 0.823954, 0.819954, 0.823954, 0.823954], average transfer time: inf
 building test:
	icc -O3  -xhost -restrict  -DORIO_REPS=5 -o __orio_perftest.exe __orio_perftest26.c timer_cpu.o 
 running test:
	 ./__orio_perftest.exe
coordinate: [1, 3], average cost: 0.644964, all costs: [0.643964, 0.643964, 0.643965, 0.643964, 0.647963], average transfer time: inf
 building test:
	icc -O3  -xhost -restrict  -DORIO_REPS=5 -o __orio_perftest.exe __orio_perftest27.c timer_cpu.o 
 running test:
	 ./__orio_perftest.exe
coordinate: [2, 3], average cost: 0.6339645, all costs: [0.631965, 0.635964, 0.631965, 0.635965, 0.631964], average transfer time: inf
 building test:
	icc -O3  -xhost -restrict  -DORIO_REPS=5 -o __orio_perftest.exe __orio_perftest28.c timer_cpu.o 
 running test:
	 ./__orio_perftest.exe
coordinate: [3, 3], average cost: 0.82595375, all costs: [0.827954, 0.823954, 0.827953, 0.827954, 0.823954], average transfer time: inf
 building test:
	icc -O3  -xhost -restrict  -DORIO_REPS=5 -o __orio_perftest.exe __orio_perftest29.c timer_cpu.o 
 running test:
	 ./__orio_perftest.exe
coordinate: [4, 3], average cost: 0.82795375, all costs: [0.827954, 0.827954, 0.827953, 0.827954, 0.827954], average transfer time: inf
 building test:
	icc -O3  -xhost -restrict  -DORIO_REPS=5 -o __orio_perftest.exe __orio_perftest30.c timer_cpu.o 
 running test:
	 ./__orio_perftest.exe
coordinate: [5, 3], average cost: 0.824954, all costs: [0.827954, 0.823954, 0.823954, 0.827954, 0.823954], average transfer time: inf
 building test:
	icc -O3  -xhost -restrict  -DORIO_REPS=5 -o __orio_perftest.exe __orio_perftest31.c timer_cpu.o 
 running test:
	 ./__orio_perftest.exe
coordinate: [6, 3], average cost: 0.823954, all costs: [0.819954, 0.823954, 0.823954, 0.823954, 0.823954], average transfer time: inf
 building test:
	icc -O3  -xhost -restrict  -DORIO_REPS=5 -o __orio_perftest.exe __orio_perftest32.c timer_cpu.o 
 running test:
	 ./__orio_perftest.exe
coordinate: [7, 3], average cost: 0.823954, all costs: [0.819954, 0.823954, 0.823954, 0.823954, 0.823954], average transfer time: inf
 building test:
	icc -O3 -no-vec    -DORIO_REPS=5 -o __orio_perftest.exe __orio_perftest33.c timer_cpu.o 
 running test:
	 ./__orio_perftest.exe
coordinate: [0, 4], average cost: 0.77495675, all costs: [0.771957, 0.775957, 0.775956, 0.771957, 0.775957], average transfer time: inf
 building test:
	icc -O3 -no-vec    -DORIO_REPS=5 -o __orio_perftest.exe __orio_perftest34.c timer_cpu.o 
 running test:
	 ./__orio_perftest.exe
coordinate: [1, 4], average cost: 0.77695675, all costs: [0.775957, 0.775957, 0.775957, 0.775956, 0.779957], average transfer time: inf
 building test:
	icc -O3 -no-vec    -DORIO_REPS=5 -o __orio_perftest.exe __orio_perftest35.c timer_cpu.o 
 running test:
	 ./__orio_perftest.exe
coordinate: [2, 4], average cost: 0.7779565, all costs: [0.779957, 0.775957, 0.779956, 0.775957, 0.779956], average transfer time: inf
 building test:
	icc -O3 -no-vec    -DORIO_REPS=5 -o __orio_perftest.exe __orio_perftest36.c timer_cpu.o 
 running test:
	 ./__orio_perftest.exe
coordinate: [3, 4], average cost: 0.77695675, all costs: [0.775957, 0.775957, 0.779956, 0.775957, 0.775957], average transfer time: inf
 building test:
	icc -O3 -no-vec    -DORIO_REPS=5 -o __orio_perftest.exe __orio_perftest37.c timer_cpu.o 
 running test:
	 ./__orio_perftest.exe
coordinate: [4, 4], average cost: 0.65396375, all costs: [0.655963, 0.651964, 0.655963, 0.651964, 0.655964], average transfer time: inf
 building test:
	icc -O3 -no-vec    -DORIO_REPS=5 -o __orio_perftest.exe __orio_perftest38.c timer_cpu.o 
 running test:
	 ./__orio_perftest.exe
coordinate: [5, 4], average cost: 0.77495675, all costs: [0.771957, 0.775957, 0.775957, 0.771956, 0.775957], average transfer time: inf
 building test:
	icc -O3 -no-vec    -DORIO_REPS=5 -o __orio_perftest.exe __orio_perftest39.c timer_cpu.o 
 running test:
	 ./__orio_perftest.exe
coordinate: [6, 4], average cost: 0.77895675, all costs: [0.775957, 0.779957, 0.779956, 0.775957, 0.779957], average transfer time: inf
 building test:
	icc -O3 -no-vec    -DORIO_REPS=5 -o __orio_perftest.exe __orio_perftest40.c timer_cpu.o 
 running test:
	 ./__orio_perftest.exe
coordinate: [7, 4], average cost: 0.77495675, all costs: [0.775957, 0.775956, 0.771957, 0.775957, 0.775957], average transfer time: inf
 building test:
	icc -O3 -no-vec  -restrict  -DORIO_REPS=5 -o __orio_perftest.exe __orio_perftest41.c timer_cpu.o 
 running test:
	 ./__orio_perftest.exe
coordinate: [0, 5], average cost: 0.77895675, all costs: [0.775957, 0.779957, 0.779956, 0.775957, 0.779957], average transfer time: inf
 building test:
	icc -O3 -no-vec  -restrict  -DORIO_REPS=5 -o __orio_perftest.exe __orio_perftest42.c timer_cpu.o 
 running test:
	 ./__orio_perftest.exe
coordinate: [1, 5], average cost: 0.7789565, all costs: [0.779957, 0.779956, 0.779957, 0.775957, 0.779956], average transfer time: inf
 building test:
	icc -O3 -no-vec  -restrict  -DORIO_REPS=5 -o __orio_perftest.exe __orio_perftest43.c timer_cpu.o 
 running test:
	 ./__orio_perftest.exe
coordinate: [2, 5], average cost: 0.76595725, all costs: [0.763958, 0.767957, 0.763957, 0.763958, 0.767957], average transfer time: inf
 building test:
	icc -O3 -no-vec  -restrict  -DORIO_REPS=5 -o __orio_perftest.exe __orio_perftest44.c timer_cpu.o 
 running test:
	 ./__orio_perftest.exe
coordinate: [3, 5], average cost: 0.77695675, all costs: [0.775956, 0.775957, 0.779957, 0.775956, 0.775957], average transfer time: inf
 building test:
	icc -O3 -no-vec  -restrict  -DORIO_REPS=5 -o __orio_perftest.exe __orio_perftest45.c timer_cpu.o 
 running test:
	 ./__orio_perftest.exe
coordinate: [4, 5], average cost: 0.77795675, all costs: [0.779956, 0.779957, 0.775957, 0.779956, 0.775957], average transfer time: inf
 building test:
	icc -O3 -no-vec  -restrict  -DORIO_REPS=5 -o __orio_perftest.exe __orio_perftest46.c timer_cpu.o 
 running test:
	 ./__orio_perftest.exe
coordinate: [5, 5], average cost: 0.7789565, all costs: [0.775957, 0.779956, 0.779957, 0.779956, 0.775957], average transfer time: inf
 building test:
	icc -O3 -no-vec  -restrict  -DORIO_REPS=5 -o __orio_perftest.exe __orio_perftest47.c timer_cpu.o 
 running test:
	 ./__orio_perftest.exe
coordinate: [6, 5], average cost: 0.77895675, all costs: [0.775957, 0.779957, 0.779956, 0.775957, 0.779957], average transfer time: inf
 building test:
	icc -O3 -no-vec  -restrict  -DORIO_REPS=5 -o __orio_perftest.exe __orio_perftest48.c timer_cpu.o 
 running test:
	 ./__orio_perftest.exe
coordinate: [7, 5], average cost: 0.774957, all costs: [0.775956, 0.775957, 0.771957, 0.775957, 0.775957], average transfer time: inf
 building test:
	icc -O3 -no-vec -xhost   -DORIO_REPS=5 -o __orio_perftest.exe __orio_perftest49.c timer_cpu.o 
 running test:
	 ./__orio_perftest.exe
coordinate: [0, 6], average cost: 0.82995375, all costs: [0.831954, 0.827954, 0.831953, 0.831954, 0.827954], average transfer time: inf
 building test:
	icc -O3 -no-vec -xhost   -DORIO_REPS=5 -o __orio_perftest.exe __orio_perftest50.c timer_cpu.o 
 running test:
	 ./__orio_perftest.exe
coordinate: [1, 6], average cost: 0.826954, all costs: [0.827954, 0.823954, 0.827954, 0.827954, 0.827954], average transfer time: inf
 building test:
	icc -O3 -no-vec -xhost   -DORIO_REPS=5 -o __orio_perftest.exe __orio_perftest51.c timer_cpu.o 
 running test:
	 ./__orio_perftest.exe
coordinate: [2, 6], average cost: 0.82795375, all costs: [0.827954, 0.827954, 0.827953, 0.827954, 0.827954], average transfer time: inf
 building test:
	icc -O3 -no-vec -xhost   -DORIO_REPS=5 -o __orio_perftest.exe __orio_perftest52.c timer_cpu.o 
 running test:
	 ./__orio_perftest.exe
coordinate: [3, 6], average cost: 0.82295425, all costs: [0.823954, 0.823954, 0.823955, 0.819954, 0.823954], average transfer time: inf
 building test:
	icc -O3 -no-vec -xhost   -DORIO_REPS=5 -o __orio_perftest.exe __orio_perftest53.c timer_cpu.o 
 running test:
	 ./__orio_perftest.exe
coordinate: [4, 6], average cost: 0.825954, all costs: [0.827954, 0.823954, 0.827954, 0.823954, 0.827954], average transfer time: inf
 building test:
	icc -O3 -no-vec -xhost   -DORIO_REPS=5 -o __orio_perftest.exe __orio_perftest54.c timer_cpu.o 
 running test:
	 ./__orio_perftest.exe
coordinate: [5, 6], average cost: 0.82395425, all costs: [0.823954, 0.823954, 0.823954, 0.823954, 0.823955], average transfer time: inf
 building test:
	icc -O3 -no-vec -xhost   -DORIO_REPS=5 -o __orio_perftest.exe __orio_perftest55.c timer_cpu.o 
 running test:
	 ./__orio_perftest.exe
coordinate: [6, 6], average cost: 0.82395425, all costs: [0.823954, 0.823955, 0.823954, 0.823954, 0.823954], average transfer time: inf
 building test:
	icc -O3 -no-vec -xhost   -DORIO_REPS=5 -o __orio_perftest.exe __orio_perftest56.c timer_cpu.o 
 running test:
	 ./__orio_perftest.exe
coordinate: [7, 6], average cost: 0.82395425, all costs: [0.823954, 0.823955, 0.823954, 0.823954, 0.823954], average transfer time: inf
 building test:
	icc -O3 -no-vec -xhost -restrict  -DORIO_REPS=5 -o __orio_perftest.exe __orio_perftest57.c timer_cpu.o 
 running test:
	 ./__orio_perftest.exe
coordinate: [0, 7], average cost: 0.827954, all costs: [0.827954, 0.827954, 0.827954, 0.827954, 0.827954], average transfer time: inf
 building test:
	icc -O3 -no-vec -xhost -restrict  -DORIO_REPS=5 -o __orio_perftest.exe __orio_perftest58.c timer_cpu.o 
 running test:
	 ./__orio_perftest.exe
coordinate: [1, 7], average cost: 0.826954, all costs: [0.827954, 0.827954, 0.827954, 0.827954, 0.823954], average transfer time: inf
 building test:
	icc -O3 -no-vec -xhost -restrict  -DORIO_REPS=5 -o __orio_perftest.exe __orio_perftest59.c timer_cpu.o 
 running test:
	 ./__orio_perftest.exe
coordinate: [2, 7], average cost: 0.827954, all costs: [0.827954, 0.827954, 0.827954, 0.827954, 0.827954], average transfer time: inf
 building test:
	icc -O3 -no-vec -xhost -restrict  -DORIO_REPS=5 -o __orio_perftest.exe __orio_perftest60.c timer_cpu.o 
 running test:
	 ./__orio_perftest.exe
coordinate: [3, 7], average cost: 0.824954, all costs: [0.827954, 0.823954, 0.823954, 0.827954, 0.823954], average transfer time: inf
 building test:
	icc -O3 -no-vec -xhost -restrict  -DORIO_REPS=5 -o __orio_perftest.exe __orio_perftest61.c timer_cpu.o 
 running test:
	 ./__orio_perftest.exe
coordinate: [4, 7], average cost: 0.827954, all costs: [0.827954, 0.827954, 0.827954, 0.827954, 0.827954], average transfer time: inf
 building test:
	icc -O3 -no-vec -xhost -restrict  -DORIO_REPS=5 -o __orio_perftest.exe __orio_perftest62.c timer_cpu.o 
 running test:
	 ./__orio_perftest.exe
coordinate: [5, 7], average cost: 0.824954, all costs: [0.823954, 0.827954, 0.823954, 0.823954, 0.823954], average transfer time: inf
 building test:
	icc -O3 -no-vec -xhost -restrict  -DORIO_REPS=5 -o __orio_perftest.exe __orio_perftest63.c timer_cpu.o 
 running test:
	 ./__orio_perftest.exe
coordinate: [6, 7], average cost: 0.66096325, all costs: [0.663963, 0.659963, 0.659964, 0.659963, 0.663963], average transfer time: inf
 building test:
	icc -O3 -no-vec -xhost -restrict  -DORIO_REPS=5 -o __orio_perftest.exe __orio_perftest64.c timer_cpu.o 
 running test:
	 ./__orio_perftest.exe
coordinate: [7, 7], average cost: 0.664963, all costs: [0.667963, 0.663963, 0.667963, 0.663963, 0.663963], average transfer time: inf
----- end exhaustive search -----
----- begin summary -----
 best coordinate: [7, 2]={'PR': 'vector unaligned', 'CFLAGS': ' -xhost '}, cost=5.999665e-01, transfer_time=inf, inputs=[('N', 100000000)], search_time=735.36, runs=0
----- end summary -----
----- the obtained best performance parameters -----
 CFLAGS =  -xhost 
 PR = vector unaligned
----- finish optimizations -----

----- begin writing the output file(s) -----
--> writing output to: _ex4.c
----- finished writing the output file(s) -----

====== END ORIO ======
