
====== START ORIO ======

----- begin reading the source file: vecWXPY.c -----
----- finished reading the source file -----

----- begin parsing annotations -----
----- finished parsing annotations -----

----- begin optimizations -----
Search_Space         = 6.400e+01
Number_of_Parameters = 02
Numeric_Parameters   = 02
Binary_Parameters    = 00
['PR', 'CFLAGS']
[['', 'novector', 'vector aligned', 'vector always', 'vector nontemporal', 'vector nontemporal (a,b,c)', 'vector temporal', 'vector unaligned'], ['  ', '  -restrict', ' -xhost ', ' -xhost -restrict', '-no-vec  ', '-no-vec  -restrict', '-no-vec -xhost ', '-no-vec -xhost -restrict']]

----- begin empirical tuning for problem size -----
 N = 1000000000

----- begin exhaustive search -----
 compiling timer:
	icc -O3    -O0 -c -o timer_cpu.o timer_cpu.c
 building the original code:
	icc -O3     -DORIO_REPS=5 -DORIGINAL -o __orio_perftest_original.exe __orio_perftest1.c timer_cpu.o 
 building test:
	icc -O3     -DORIO_REPS=5 -o __orio_perftest.exe __orio_perftest1.c timer_cpu.o 
 running test:
	 ./__orio_perftest.exe
coordinate: [0, 0], average cost: 12.819205, all costs: [22.5626, 13.0792, 5.88762, 12.7232, 19.5868], average transfer time: inf
>>>> best coordinate found: [0, 0], average cost: 1.281921e+01, average transfer time: inf
 building test:
	icc -O3     -DORIO_REPS=5 -o __orio_perftest.exe __orio_perftest2.c timer_cpu.o 
 running test:
	 ./__orio_perftest.exe
coordinate: [1, 0], average cost: 27.2872725, all costs: [26.8583, 23.5465, 48.8489, 7.98749, 28.7662], average transfer time: inf
 building test:
	icc -O3     -DORIO_REPS=5 -o __orio_perftest.exe __orio_perftest3.c timer_cpu.o 
 running test:
	 ./__orio_perftest.exe
coordinate: [2, 0], average cost: 19.0647825, all costs: [17.2029, 8.99943, 40.8374, 18.5628, 7.8595], average transfer time: inf
 building test:
	icc -O3     -DORIO_REPS=5 -o __orio_perftest.exe __orio_perftest4.c timer_cpu.o 
 running test:
	 ./__orio_perftest.exe
coordinate: [3, 0], average cost: 5.9846175, all costs: [5.66764, 5.66764, 6.39959, 5.65564, 6.2156], average transfer time: inf
>>>> best coordinate found: [3, 0], average cost: 5.984618e+00, average transfer time: inf
 building test:
	icc -O3     -DORIO_REPS=5 -o __orio_perftest.exe __orio_perftest5.c timer_cpu.o 
 running test:
	 ./__orio_perftest.exe
coordinate: [4, 0], average cost: 9.6403825, all costs: [12.8592, 8.52746, 15.407, 8.84744, 5.77963], average transfer time: inf
 building test:
	icc -O3     -DORIO_REPS=5 -o __orio_perftest.exe __orio_perftest6.c timer_cpu.o 
 running test:
	 ./__orio_perftest.exe
coordinate: [5, 0], average cost: 8.33347, all costs: [8.33547, 8.33147, 8.33147, 8.33547, 8.33547], average transfer time: inf
 building test:
	icc -O3     -DORIO_REPS=5 -o __orio_perftest.exe __orio_perftest7.c timer_cpu.o 
 running test:
	 ./__orio_perftest.exe
coordinate: [6, 0], average cost: 6.1056125, all costs: [6.12761, 5.67964, 7.36353, 5.68764, 5.69164], average transfer time: inf
 building test:
	icc -O3     -DORIO_REPS=5 -o __orio_perftest.exe __orio_perftest8.c timer_cpu.o 
 running test:
	 ./__orio_perftest.exe
coordinate: [7, 0], average cost: 11.1022925, all costs: [7.09955, 8.05949, 7.41153, 7.10755, 21.8306], average transfer time: inf
 building test:
	icc -O3   -restrict  -DORIO_REPS=5 -o __orio_perftest.exe __orio_perftest9.c timer_cpu.o 
 running test:
	 ./__orio_perftest.exe
coordinate: [0, 1], average cost: 5.62564, all costs: [5.62364, 5.62764, 5.62364, 5.62364, 5.62764], average transfer time: inf
>>>> best coordinate found: [0, 1], average cost: 5.625640e+00, average transfer time: inf
 building test:
	icc -O3   -restrict  -DORIO_REPS=5 -o __orio_perftest.exe __orio_perftest10.c timer_cpu.o 
 running test:
	 ./__orio_perftest.exe
coordinate: [1, 1], average cost: 5.80363, all costs: [5.80763, 5.80363, 5.80363, 5.80363, 5.80363], average transfer time: inf
 building test:
	icc -O3   -restrict  -DORIO_REPS=5 -o __orio_perftest.exe __orio_perftest11.c timer_cpu.o 
 running test:
	 ./__orio_perftest.exe
coordinate: [2, 1], average cost: 37.3796, all costs: [25.6704, 39.1415, 23.0425, 52.6406, 34.6938], average transfer time: inf
 building test:
	icc -O3   -restrict  -DORIO_REPS=5 -o __orio_perftest.exe __orio_perftest12.c timer_cpu.o 
 running test:
	 ./__orio_perftest.exe
coordinate: [3, 1], average cost: 15.483025, all costs: [27.8902, 15.915, 10.9473, 17.6589, 17.4109], average transfer time: inf
 building test:
	icc -O3   -restrict  -DORIO_REPS=5 -o __orio_perftest.exe __orio_perftest13.c timer_cpu.o 
 running test:
	 ./__orio_perftest.exe
coordinate: [4, 1], average cost: 5.61164, all costs: [12.4712, 5.61164, 5.61164, 5.61164, 5.61164], average transfer time: inf
>>>> best coordinate found: [4, 1], average cost: 5.611640e+00, average transfer time: inf
 building test:
	icc -O3   -restrict  -DORIO_REPS=5 -o __orio_perftest.exe __orio_perftest14.c timer_cpu.o 
 running test:
	 ./__orio_perftest.exe
coordinate: [5, 1], average cost: 5.56965, all costs: [5.57165, 5.56765, 5.57165, 5.56765, 5.57165], average transfer time: inf
>>>> best coordinate found: [5, 1], average cost: 5.569650e+00, average transfer time: inf
 building test:
	icc -O3   -restrict  -DORIO_REPS=5 -o __orio_perftest.exe __orio_perftest15.c timer_cpu.o 
 running test:
	 ./__orio_perftest.exe
coordinate: [6, 1], average cost: 5.69764, all costs: [5.69964, 5.69564, 5.69964, 5.69964, 5.69564], average transfer time: inf
 building test:
	icc -O3   -restrict  -DORIO_REPS=5 -o __orio_perftest.exe __orio_perftest16.c timer_cpu.o 
 running test:
	 ./__orio_perftest.exe
coordinate: [7, 1], average cost: 5.54765, all costs: [5.54765, 5.54765, 5.55165, 5.54365, 5.54765], average transfer time: inf
>>>> best coordinate found: [7, 1], average cost: 5.547650e+00, average transfer time: inf
 building test:
	icc -O3  -xhost   -DORIO_REPS=5 -o __orio_perftest.exe __orio_perftest17.c timer_cpu.o 
 running test:
	 ./__orio_perftest.exe
coordinate: [0, 2], average cost: 5.62864, all costs: [6.2316, 5.62764, 5.62764, 5.62764, 5.63164], average transfer time: inf
 building test:
	icc -O3  -xhost   -DORIO_REPS=5 -o __orio_perftest.exe __orio_perftest18.c timer_cpu.o 
 running test:
	 ./__orio_perftest.exe
coordinate: [1, 2], average cost: 5.692635, all costs: [5.60764, 5.60764, 5.60764, 5.60764, 5.94762], average transfer time: inf
 building test:
	icc -O3  -xhost   -DORIO_REPS=5 -o __orio_perftest.exe __orio_perftest19.c timer_cpu.o 
 running test:
	 ./__orio_perftest.exe
coordinate: [2, 2], average cost: 6.554585, all costs: [15.119, 6.55558, 6.83157, 6.65158, 6.17961], average transfer time: inf
 building test:
	icc -O3  -xhost   -DORIO_REPS=5 -o __orio_perftest.exe __orio_perftest20.c timer_cpu.o 
 running test:
	 ./__orio_perftest.exe
coordinate: [3, 2], average cost: 5.59664, all costs: [5.59964, 5.59564, 5.59964, 5.59564, 5.59564], average transfer time: inf
 building test:
	icc -O3  -xhost   -DORIO_REPS=5 -o __orio_perftest.exe __orio_perftest21.c timer_cpu.o 
 running test:
	 ./__orio_perftest.exe
coordinate: [4, 2], average cost: 6.8365675, all costs: [6.83556, 6.83557, 6.83557, 6.83556, 6.83957], average transfer time: inf
 building test:
	icc -O3  -xhost   -DORIO_REPS=5 -o __orio_perftest.exe __orio_perftest22.c timer_cpu.o 
 running test:
	 ./__orio_perftest.exe
coordinate: [5, 2], average cost: 6.48259, all costs: [5.99162, 5.99162, 5.99162, 7.9435, 6.00362], average transfer time: inf
 building test:
	icc -O3  -xhost   -DORIO_REPS=5 -o __orio_perftest.exe __orio_perftest23.c timer_cpu.o 
 running test:
	 ./__orio_perftest.exe
coordinate: [6, 2], average cost: 5.9366225, all costs: [10.1314, 5.82763, 5.89162, 6.13561, 5.89163], average transfer time: inf
 building test:
	icc -O3  -xhost   -DORIO_REPS=5 -o __orio_perftest.exe __orio_perftest24.c timer_cpu.o 
 running test:
	 ./__orio_perftest.exe
coordinate: [7, 2], average cost: 6.2196075, all costs: [5.69964, 5.69964, 7.75551, 5.71164, 5.71164], average transfer time: inf
 building test:
	icc -O3  -xhost -restrict  -DORIO_REPS=5 -o __orio_perftest.exe __orio_perftest25.c timer_cpu.o 
 running test:
	 ./__orio_perftest.exe
coordinate: [0, 3], average cost: 5.56965, all costs: [5.56764, 5.57165, 5.56765, 5.57165, 5.56765], average transfer time: inf
 building test:
	icc -O3  -xhost -restrict  -DORIO_REPS=5 -o __orio_perftest.exe __orio_perftest26.c timer_cpu.o 
 running test:
	 ./__orio_perftest.exe
coordinate: [1, 3], average cost: 5.992615, all costs: [5.60764, 5.60764, 6.84356, 5.60764, 5.91162], average transfer time: inf
 building test:
	icc -O3  -xhost -restrict  -DORIO_REPS=5 -o __orio_perftest.exe __orio_perftest27.c timer_cpu.o 
 running test:
	 ./__orio_perftest.exe
coordinate: [2, 3], average cost: 5.67464, all costs: [5.67164, 5.67564, 5.67164, 5.67564, 5.67564], average transfer time: inf
 building test:
	icc -O3  -xhost -restrict  -DORIO_REPS=5 -o __orio_perftest.exe __orio_perftest28.c timer_cpu.o 
 running test:
	 ./__orio_perftest.exe
coordinate: [3, 3], average cost: 5.59164, all costs: [5.59564, 5.59164, 5.58764, 5.59564, 5.59164], average transfer time: inf
 building test:
	icc -O3  -xhost -restrict  -DORIO_REPS=5 -o __orio_perftest.exe __orio_perftest29.c timer_cpu.o 
 running test:
	 ./__orio_perftest.exe
coordinate: [4, 3], average cost: 5.63564, all costs: [9.04742, 5.63564, 5.63564, 5.63564, 5.63564], average transfer time: inf
 building test:
	icc -O3  -xhost -restrict  -DORIO_REPS=5 -o __orio_perftest.exe __orio_perftest30.c timer_cpu.o 
 running test:
	 ./__orio_perftest.exe
coordinate: [5, 3], average cost: 5.576645, all costs: [5.57964, 5.57564, 5.57565, 5.57564, 5.57965], average transfer time: inf
 building test:
	icc -O3  -xhost -restrict  -DORIO_REPS=5 -o __orio_perftest.exe __orio_perftest31.c timer_cpu.o 
 running test:
	 ./__orio_perftest.exe
coordinate: [6, 3], average cost: 5.68464, all costs: [6.85156, 5.98762, 5.57965, 5.58764, 5.58365], average transfer time: inf
 building test:
	icc -O3  -xhost -restrict  -DORIO_REPS=5 -o __orio_perftest.exe __orio_perftest32.c timer_cpu.o 
 running test:
	 ./__orio_perftest.exe
coordinate: [7, 3], average cost: 5.6406375, all costs: [5.59564, 5.59564, 5.59564, 5.63564, 5.73563], average transfer time: inf
 building test:
	icc -O3 -no-vec    -DORIO_REPS=5 -o __orio_perftest.exe __orio_perftest33.c timer_cpu.o 
 running test:
	 ./__orio_perftest.exe
coordinate: [0, 4], average cost: 8.0024875, all costs: [8.13548, 7.95949, 8.13548, 7.95549, 7.95949], average transfer time: inf
 building test:
	icc -O3 -no-vec    -DORIO_REPS=5 -o __orio_perftest.exe __orio_perftest34.c timer_cpu.o 
 running test:
	 ./__orio_perftest.exe
coordinate: [1, 4], average cost: 5.59764, all costs: [9.3954, 5.59964, 5.59564, 5.59964, 5.59564], average transfer time: inf
 building test:
	icc -O3 -no-vec    -DORIO_REPS=5 -o __orio_perftest.exe __orio_perftest35.c timer_cpu.o 
 running test:
	 ./__orio_perftest.exe
coordinate: [2, 4], average cost: 5.76663, all costs: [5.77163, 5.76363, 5.76763, 5.76763, 5.76763], average transfer time: inf
 building test:
	icc -O3 -no-vec    -DORIO_REPS=5 -o __orio_perftest.exe __orio_perftest36.c timer_cpu.o 
 running test:
	 ./__orio_perftest.exe
coordinate: [3, 4], average cost: 5.5846425, all costs: [5.58364, 5.58364, 5.58765, 5.58364, 5.58364], average transfer time: inf
 building test:
	icc -O3 -no-vec    -DORIO_REPS=5 -o __orio_perftest.exe __orio_perftest37.c timer_cpu.o 
 running test:
	 ./__orio_perftest.exe
coordinate: [4, 4], average cost: 5.60564, all costs: [5.60764, 5.60364, 5.60764, 5.60364, 5.60764], average transfer time: inf
 building test:
	icc -O3 -no-vec    -DORIO_REPS=5 -o __orio_perftest.exe __orio_perftest38.c timer_cpu.o 
 running test:
	 ./__orio_perftest.exe
coordinate: [5, 4], average cost: 5.57065, all costs: [5.57165, 5.56765, 5.57165, 5.57165, 5.57165], average transfer time: inf
 building test:
	icc -O3 -no-vec    -DORIO_REPS=5 -o __orio_perftest.exe __orio_perftest39.c timer_cpu.o 
 running test:
	 ./__orio_perftest.exe
coordinate: [6, 4], average cost: 6.1916025, all costs: [5.59164, 5.59164, 7.92349, 5.65564, 5.59564], average transfer time: inf
 building test:
	icc -O3 -no-vec    -DORIO_REPS=5 -o __orio_perftest.exe __orio_perftest40.c timer_cpu.o 
 running test:
	 ./__orio_perftest.exe
coordinate: [7, 4], average cost: 6.73757, all costs: [5.61164, 7.31553, 5.59964, 5.79563, 8.23948], average transfer time: inf
 building test:
	icc -O3 -no-vec  -restrict  -DORIO_REPS=5 -o __orio_perftest.exe __orio_perftest41.c timer_cpu.o 
 running test:
	 ./__orio_perftest.exe
coordinate: [0, 5], average cost: 5.61564, all costs: [5.61564, 5.61164, 5.61964, 5.61564, 5.61564], average transfer time: inf
 building test:
	icc -O3 -no-vec  -restrict  -DORIO_REPS=5 -o __orio_perftest.exe __orio_perftest42.c timer_cpu.o 
 running test:
	 ./__orio_perftest.exe
coordinate: [1, 5], average cost: 5.81063, all costs: [5.63964, 5.64364, 5.63964, 5.63964, 6.3196], average transfer time: inf
 building test:
	icc -O3 -no-vec  -restrict  -DORIO_REPS=5 -o __orio_perftest.exe __orio_perftest43.c timer_cpu.o 
 running test:
	 ./__orio_perftest.exe
coordinate: [2, 5], average cost: 5.741635, all costs: [5.67564, 5.67564, 5.90762, 5.69164, 5.69164], average transfer time: inf
 building test:
	icc -O3 -no-vec  -restrict  -DORIO_REPS=5 -o __orio_perftest.exe __orio_perftest44.c timer_cpu.o 
 running test:
	 ./__orio_perftest.exe
coordinate: [3, 5], average cost: 5.75063, all costs: [5.75163, 5.75163, 5.74763, 5.75163, 5.75163], average transfer time: inf
 building test:
	icc -O3 -no-vec  -restrict  -DORIO_REPS=5 -o __orio_perftest.exe __orio_perftest45.c timer_cpu.o 
 running test:
	 ./__orio_perftest.exe
coordinate: [4, 5], average cost: 5.59264, all costs: [5.59164, 5.59164, 5.59564, 5.59164, 5.59164], average transfer time: inf
 building test:
	icc -O3 -no-vec  -restrict  -DORIO_REPS=5 -o __orio_perftest.exe __orio_perftest46.c timer_cpu.o 
 running test:
	 ./__orio_perftest.exe
coordinate: [5, 5], average cost: 5.58964, all costs: [5.59164, 5.59164, 5.58764, 5.59164, 5.58764], average transfer time: inf
 building test:
	icc -O3 -no-vec  -restrict  -DORIO_REPS=5 -o __orio_perftest.exe __orio_perftest47.c timer_cpu.o 
 running test:
	 ./__orio_perftest.exe
coordinate: [6, 5], average cost: 5.5676475, all costs: [5.56765, 5.56764, 5.56765, 5.56765, 5.56765], average transfer time: inf
 building test:
	icc -O3 -no-vec  -restrict  -DORIO_REPS=5 -o __orio_perftest.exe __orio_perftest48.c timer_cpu.o 
 running test:
	 ./__orio_perftest.exe
coordinate: [7, 5], average cost: 5.58364, all costs: [5.58364, 5.58364, 5.58364, 5.58364, 5.58364], average transfer time: inf
 building test:
	icc -O3 -no-vec -xhost   -DORIO_REPS=5 -o __orio_perftest.exe __orio_perftest49.c timer_cpu.o 
 running test:
	 ./__orio_perftest.exe
coordinate: [0, 6], average cost: 5.59864, all costs: [5.59964, 5.59564, 5.59964, 5.59964, 5.59964], average transfer time: inf
 building test:
	icc -O3 -no-vec -xhost   -DORIO_REPS=5 -o __orio_perftest.exe __orio_perftest50.c timer_cpu.o 
 running test:
	 ./__orio_perftest.exe
coordinate: [1, 6], average cost: 5.59564, all costs: [5.59564, 5.59564, 5.59564, 5.59564, 5.59564], average transfer time: inf
 building test:
	icc -O3 -no-vec -xhost   -DORIO_REPS=5 -o __orio_perftest.exe __orio_perftest51.c timer_cpu.o 
 running test:
	 ./__orio_perftest.exe
coordinate: [2, 6], average cost: 5.59164, all costs: [5.59164, 5.59164, 5.58764, 5.59564, 5.59164], average transfer time: inf
 building test:
	icc -O3 -no-vec -xhost   -DORIO_REPS=5 -o __orio_perftest.exe __orio_perftest52.c timer_cpu.o 
 running test:
	 ./__orio_perftest.exe
coordinate: [3, 6], average cost: 5.6466375, all costs: [5.60364, 5.59964, 5.60364, 5.77963, 5.60364], average transfer time: inf
 building test:
	icc -O3 -no-vec -xhost   -DORIO_REPS=5 -o __orio_perftest.exe __orio_perftest53.c timer_cpu.o 
 running test:
	 ./__orio_perftest.exe
coordinate: [4, 6], average cost: 5.7946275, all costs: [5.74363, 5.94362, 5.74363, 5.74763, 5.74363], average transfer time: inf
 building test:
	icc -O3 -no-vec -xhost   -DORIO_REPS=5 -o __orio_perftest.exe __orio_perftest54.c timer_cpu.o 
 running test:
	 ./__orio_perftest.exe
coordinate: [5, 6], average cost: 6.3985925, all costs: [5.69564, 8.56345, 5.67964, 5.67564, 5.67564], average transfer time: inf
 building test:
	icc -O3 -no-vec -xhost   -DORIO_REPS=5 -o __orio_perftest.exe __orio_perftest55.c timer_cpu.o 
 running test:
	 ./__orio_perftest.exe
coordinate: [6, 6], average cost: 6.85656, all costs: [6.86756, 6.85956, 6.85556, 6.85556, 6.85556], average transfer time: inf
 building test:
	icc -O3 -no-vec -xhost   -DORIO_REPS=5 -o __orio_perftest.exe __orio_perftest56.c timer_cpu.o 
 running test:
	 ./__orio_perftest.exe
coordinate: [7, 6], average cost: 5.5856425, all costs: [5.58365, 5.58364, 5.58764, 5.58364, 5.58765], average transfer time: inf
 building test:
	icc -O3 -no-vec -xhost -restrict  -DORIO_REPS=5 -o __orio_perftest.exe __orio_perftest57.c timer_cpu.o 
 running test:
	 ./__orio_perftest.exe
coordinate: [0, 7], average cost: 5.82863, all costs: [5.83163, 5.82763, 5.82763, 5.83163, 5.82763], average transfer time: inf
 building test:
	icc -O3 -no-vec -xhost -restrict  -DORIO_REPS=5 -o __orio_perftest.exe __orio_perftest58.c timer_cpu.o 
 running test:
	 ./__orio_perftest.exe
coordinate: [1, 7], average cost: 5.59364, all costs: [5.59564, 5.59164, 5.59564, 5.59564, 5.59164], average transfer time: inf
 building test:
	icc -O3 -no-vec -xhost -restrict  -DORIO_REPS=5 -o __orio_perftest.exe __orio_perftest59.c timer_cpu.o 
 running test:
	 ./__orio_perftest.exe
coordinate: [2, 7], average cost: 5.59864, all costs: [5.59964, 5.59964, 5.59964, 5.59964, 5.59564], average transfer time: inf
 building test:
	icc -O3 -no-vec -xhost -restrict  -DORIO_REPS=5 -o __orio_perftest.exe __orio_perftest60.c timer_cpu.o 
 running test:
	 ./__orio_perftest.exe
coordinate: [3, 7], average cost: 5.59964, all costs: [5.59564, 5.59964, 5.59964, 5.59964, 5.59964], average transfer time: inf
 building test:
	icc -O3 -no-vec -xhost -restrict  -DORIO_REPS=5 -o __orio_perftest.exe __orio_perftest61.c timer_cpu.o 
 running test:
	 ./__orio_perftest.exe
coordinate: [4, 7], average cost: 5.59364, all costs: [5.59164, 5.59564, 5.59164, 5.59164, 5.59564], average transfer time: inf
 building test:
	icc -O3 -no-vec -xhost -restrict  -DORIO_REPS=5 -o __orio_perftest.exe __orio_perftest62.c timer_cpu.o 
 running test:
	 ./__orio_perftest.exe
coordinate: [5, 7], average cost: 5.61864, all costs: [5.61564, 5.61964, 5.61564, 5.61964, 5.61964], average transfer time: inf
 building test:
	icc -O3 -no-vec -xhost -restrict  -DORIO_REPS=5 -o __orio_perftest.exe __orio_perftest63.c timer_cpu.o 
 running test:
	 ./__orio_perftest.exe
coordinate: [6, 7], average cost: 5.61764, all costs: [5.61964, 5.61564, 5.61964, 5.61964, 5.61564], average transfer time: inf
 building test:
	icc -O3 -no-vec -xhost -restrict  -DORIO_REPS=5 -o __orio_perftest.exe __orio_perftest64.c timer_cpu.o 
 running test:
	 ./__orio_perftest.exe
coordinate: [7, 7], average cost: 5.59264, all costs: [5.59164, 5.59164, 5.59564, 5.59164, 5.59164], average transfer time: inf
----- end exhaustive search -----
----- begin summary -----
 best coordinate: [7, 1]={'PR': 'vector unaligned', 'CFLAGS': '  -restrict'}, cost=5.547650e+00, transfer_time=inf, inputs=[('N', 1000000000)], search_time=4940.39, runs=0
----- end summary -----
----- the obtained best performance parameters -----
 CFLAGS =   -restrict
 PR = vector unaligned
----- finish optimizations -----

----- begin writing the output file(s) -----
--> writing output to: _vecWXPY.c
----- finished writing the output file(s) -----

====== END ORIO ======
